{"/Users/Ryan_Garfield/Documents/531 Web Dev/hw5/src/actions.js":{"path":"/Users/Ryan_Garfield/Documents/531 Web Dev/hw5/src/actions.js","s":{"1":1,"2":1,"3":1,"4":1,"5":1,"6":1,"7":1,"8":1,"9":1,"10":1,"11":1,"12":1,"13":1,"14":1,"15":1,"16":2,"17":1,"18":1,"19":1,"20":1,"21":1,"22":2,"23":1,"24":0,"25":1,"26":1,"27":1,"28":1,"29":1,"30":1,"31":1,"32":7,"33":7,"34":7,"35":7,"36":7,"37":4,"38":7,"39":6,"40":3,"41":3,"42":3,"43":1,"44":1,"45":1,"46":1},"b":{"1":[0,2],"2":[2,2],"3":[0,1],"4":[0,7],"5":[7,0],"6":[7,0],"7":[4,3],"8":[4,0],"9":[3,3]},"f":{"1":2,"2":2,"3":0,"4":1,"5":1,"6":1,"7":7,"8":6,"9":1,"10":1},"fnMap":{"1":{"name":"_interopRequireDefault","line":24,"loc":{"start":{"line":0,"column":0},"end":{"line":0,"column":0},"skip":true},"skip":true},"2":{"name":"updateError","line":54,"loc":{"start":{"line":33,"column":7},"end":{"line":33,"column":35}}},"3":{"name":"updateSuccess","line":57,"loc":{"start":{"line":34,"column":7},"end":{"line":34,"column":39}}},"4":{"name":"navToProfile","line":60,"loc":{"start":{"line":35,"column":7},"end":{"line":35,"column":31}}},"5":{"name":"navToMain","line":63,"loc":{"start":{"line":36,"column":7},"end":{"line":36,"column":28}}},"6":{"name":"navToOut","line":66,"loc":{"start":{"line":37,"column":7},"end":{"line":37,"column":27}}},"7":{"name":"resource","line":70,"loc":{"start":{"line":39,"column":7},"end":{"line":39,"column":71}}},"8":{"name":"(anonymous_8)","line":79,"loc":{"start":{"line":47,"column":10},"end":{"line":47,"column":24}}},"9":{"name":"ErrorMsg","line":89,"loc":{"start":{"line":57,"column":7},"end":{"line":57,"column":29}}},"10":{"name":"SuccessMsg","line":93,"loc":{"start":{"line":61,"column":7},"end":{"line":61,"column":31}}}},"statementMap":{"1":{"start":{"line":0,"column":0},"end":{"line":0,"column":0},"skip":true},"2":{"start":{"line":0,"column":0},"end":{"line":0,"column":0},"skip":true},"3":{"start":{"line":0,"column":0},"end":{"line":0,"column":0},"skip":true},"4":{"start":{"line":0,"column":0},"end":{"line":0,"column":0},"skip":true},"5":{"start":{"line":0,"column":0},"end":{"line":0,"column":0},"skip":true},"6":{"start":{"line":0,"column":0},"end":{"line":0,"column":0},"skip":true},"7":{"start":{"line":0,"column":0},"end":{"line":0,"column":0},"skip":true},"8":{"start":{"line":0,"column":0},"end":{"line":0,"column":0},"skip":true},"9":{"start":{"line":0,"column":0},"end":{"line":0,"column":0},"skip":true},"10":{"start":{"line":0,"column":0},"end":{"line":0,"column":0},"skip":true},"11":{"start":{"line":1,"column":-15},"end":{"line":1,"column":-15}},"12":{"start":{"line":0,"column":0},"end":{"line":0,"column":0},"skip":true},"13":{"start":{"line":2,"column":0},"end":{"line":2,"column":0}},"14":{"start":{"line":0,"column":0},"end":{"line":0,"column":0},"skip":true},"15":{"start":{"line":0,"column":0},"end":{"line":0,"column":0},"skip":true},"16":{"start":{"line":0,"column":0},"end":{"line":0,"column":0},"skip":true},"17":{"start":{"line":4,"column":0},"end":{"line":4,"column":0}},"18":{"start":{"line":5,"column":7},"end":{"line":5,"column":7}},"19":{"start":{"line":7,"column":0},"end":{"line":7,"column":0}},"20":{"start":{"line":0,"column":0},"end":{"line":0,"column":0},"skip":true},"21":{"start":{"line":33,"column":7},"end":{"line":33,"column":74}},"22":{"start":{"line":33,"column":37},"end":{"line":33,"column":37}},"23":{"start":{"line":34,"column":7},"end":{"line":34,"column":82}},"24":{"start":{"line":34,"column":41},"end":{"line":34,"column":41}},"25":{"start":{"line":35,"column":7},"end":{"line":35,"column":69}},"26":{"start":{"line":35,"column":33},"end":{"line":35,"column":33}},"27":{"start":{"line":36,"column":7},"end":{"line":36,"column":63}},"28":{"start":{"line":36,"column":30},"end":{"line":36,"column":30}},"29":{"start":{"line":37,"column":7},"end":{"line":37,"column":61}},"30":{"start":{"line":37,"column":29},"end":{"line":37,"column":29}},"31":{"start":{"line":39,"column":7},"end":{"line":55,"column":1}},"32":{"start":{"line":39,"column":71},"end":{"line":39,"column":71}},"33":{"start":{"line":40,"column":4},"end":{"line":40,"column":4}},"34":{"start":{"line":41,"column":4},"end":{"line":41,"column":20}},"35":{"start":{"line":41,"column":20},"end":{"line":41,"column":20}},"36":{"start":{"line":42,"column":4},"end":{"line":44,"column":5}},"37":{"start":{"line":43,"column":8},"end":{"line":43,"column":8}},"38":{"start":{"line":46,"column":4},"end":{"line":46,"column":4}},"39":{"start":{"line":48,"column":8},"end":{"line":53,"column":9}},"40":{"start":{"line":49,"column":12},"end":{"line":49,"column":12}},"41":{"start":{"line":50,"column":12},"end":{"line":50,"column":12}},"42":{"start":{"line":52,"column":12},"end":{"line":52,"column":12}},"43":{"start":{"line":57,"column":7},"end":{"line":59,"column":1}},"44":{"start":{"line":58,"column":4},"end":{"line":58,"column":4}},"45":{"start":{"line":61,"column":7},"end":{"line":63,"column":1}},"46":{"start":{"line":62,"column":4},"end":{"line":62,"column":4}}},"branchMap":{"1":{"line":24,"type":"cond-expr","locations":[{"start":{"line":0,"column":0},"end":{"line":0,"column":0},"skip":true},{"start":{"line":0,"column":0},"end":{"line":0,"column":0},"skip":true}]},"2":{"line":24,"type":"binary-expr","locations":[{"start":{"line":0,"column":0},"end":{"line":0,"column":0},"skip":true},{"start":{"line":0,"column":0},"end":{"line":0,"column":0},"skip":true}]},"3":{"line":27,"type":"cond-expr","locations":[{"start":{"line":5,"column":32},"end":{"line":5,"column":22}},{"start":{"line":5,"column":58},"end":{"line":5,"column":7}}]},"4":{"line":71,"type":"cond-expr","locations":[{"start":{"line":39,"column":71},"end":{"line":39,"column":71}},{"start":{"line":39,"column":65},"end":{"line":39,"column":71}}]},"5":{"line":71,"type":"binary-expr","locations":[{"start":{"line":39,"column":71},"end":{"line":39,"column":71}},{"start":{"line":39,"column":71},"end":{"line":39,"column":71}}]},"6":{"line":74,"type":"if","locations":[{"start":{"line":41,"column":4},"end":{"line":41,"column":4}},{"start":{"line":41,"column":4},"end":{"line":41,"column":4}}]},"7":{"line":75,"type":"if","locations":[{"start":{"line":42,"column":4},"end":{"line":42,"column":4}},{"start":{"line":42,"column":4},"end":{"line":42,"column":4}}]},"8":{"line":76,"type":"cond-expr","locations":[{"start":{"line":43,"column":36},"end":{"line":43,"column":23}},{"start":{"line":43,"column":62},"end":{"line":43,"column":8}}]},"9":{"line":80,"type":"if","locations":[{"start":{"line":48,"column":8},"end":{"line":48,"column":8}},{"start":{"line":48,"column":8},"end":{"line":48,"column":8}}]}}},"/Users/Ryan_Garfield/Documents/531 Web Dev/hw5/src/actions.spec.js":{"path":"/Users/Ryan_Garfield/Documents/531 Web Dev/hw5/src/actions.spec.js","s":{"1":1,"2":1,"3":1,"4":1,"5":1,"6":1,"7":1,"8":1,"9":3,"10":1,"11":0,"12":0,"13":0,"14":0,"15":0,"16":0,"17":0,"18":0,"19":0,"20":0,"21":0,"22":0,"23":0,"24":0,"25":0,"26":0,"27":0,"28":0,"29":0,"30":0,"31":0,"32":0,"33":0,"34":0,"35":0,"36":0,"37":0,"38":0,"39":0,"40":0,"41":0,"42":0,"43":0,"44":0,"45":0,"46":0,"47":0,"48":0,"49":0,"50":0},"b":{"1":[1,2],"2":[3,3],"3":[0,0],"4":[0,0]},"f":{"1":3,"2":0,"3":0,"4":0,"5":0,"6":0,"7":0,"8":0,"9":0,"10":0,"11":0,"12":0,"13":0},"fnMap":{"1":{"name":"_interopRequireDefault","line":17,"loc":{"start":{"line":0,"column":0},"end":{"line":0,"column":0},"skip":true},"skip":true},"2":{"name":"(anonymous_2)","line":19,"loc":{"start":{"line":7,"column":73},"end":{"line":7,"column":79}}},"3":{"name":"(anonymous_3)","line":23,"loc":{"start":{"line":10,"column":12},"end":{"line":10,"column":18}}},"4":{"name":"(anonymous_4)","line":33,"loc":{"start":{"line":20,"column":11},"end":{"line":20,"column":17}}},"5":{"name":"(anonymous_5)","line":40,"loc":{"start":{"line":28,"column":60},"end":{"line":28,"column":69}}},"6":{"name":"(anonymous_6)","line":46,"loc":{"start":{"line":34,"column":33},"end":{"line":34,"column":47}}},"7":{"name":"(anonymous_7)","line":51,"loc":{"start":{"line":42,"column":46},"end":{"line":42,"column":55}}},"8":{"name":"(anonymous_8)","line":61,"loc":{"start":{"line":52,"column":57},"end":{"line":52,"column":66}}},"9":{"name":"(anonymous_9)","line":66,"loc":{"start":{"line":60,"column":35},"end":{"line":60,"column":44}}},"10":{"name":"(anonymous_10)","line":76,"loc":{"start":{"line":70,"column":56},"end":{"line":70,"column":70}}},"11":{"name":"(anonymous_11)","line":81,"loc":{"start":{"line":78,"column":72},"end":{"line":78,"column":76}}},"12":{"name":"(anonymous_12)","line":90,"loc":{"start":{"line":88,"column":77},"end":{"line":88,"column":81}}},"13":{"name":"(anonymous_13)","line":99,"loc":{"start":{"line":98,"column":54},"end":{"line":98,"column":58}}}},"statementMap":{"1":{"start":{"line":1,"column":-15},"end":{"line":1,"column":-15}},"2":{"start":{"line":2,"column":0},"end":{"line":2,"column":0}},"3":{"start":{"line":0,"column":0},"end":{"line":0,"column":0},"skip":true},"4":{"start":{"line":3,"column":0},"end":{"line":3,"column":0}},"5":{"start":{"line":0,"column":0},"end":{"line":0,"column":0},"skip":true},"6":{"start":{"line":5,"column":0},"end":{"line":5,"column":0}},"7":{"start":{"line":0,"column":0},"end":{"line":0,"column":0},"skip":true},"8":{"start":{"line":0,"column":0},"end":{"line":0,"column":0},"skip":true},"9":{"start":{"line":0,"column":0},"end":{"line":0,"column":0},"skip":true},"10":{"start":{"line":7,"column":0},"end":{"line":7,"column":0}},"11":{"start":{"line":9,"column":1},"end":{"line":9,"column":1}},"12":{"start":{"line":10,"column":1},"end":{"line":10,"column":1}},"13":{"start":{"line":11,"column":2},"end":{"line":15,"column":5}},"14":{"start":{"line":12,"column":3},"end":{"line":12,"column":3}},"15":{"start":{"line":13,"column":3},"end":{"line":13,"column":3}},"16":{"start":{"line":14,"column":3},"end":{"line":14,"column":3}},"17":{"start":{"line":16,"column":4},"end":{"line":16,"column":4}},"18":{"start":{"line":17,"column":4},"end":{"line":17,"column":4}},"19":{"start":{"line":20,"column":1},"end":{"line":20,"column":1}},"20":{"start":{"line":21,"column":4},"end":{"line":24,"column":5}},"21":{"start":{"line":22,"column":3},"end":{"line":22,"column":3}},"22":{"start":{"line":23,"column":3},"end":{"line":23,"column":3}},"23":{"start":{"line":28,"column":1},"end":{"line":28,"column":1}},"24":{"start":{"line":29,"column":2},"end":{"line":29,"column":2}},"25":{"start":{"line":34,"column":2},"end":{"line":34,"column":2}},"26":{"start":{"line":35,"column":3},"end":{"line":35,"column":3}},"27":{"start":{"line":42,"column":1},"end":{"line":42,"column":1}},"28":{"start":{"line":43,"column":2},"end":{"line":43,"column":2}},"29":{"start":{"line":44,"column":2},"end":{"line":44,"column":2}},"30":{"start":{"line":46,"column":2},"end":{"line":46,"column":2}},"31":{"start":{"line":52,"column":2},"end":{"line":52,"column":2}},"32":{"start":{"line":53,"column":3},"end":{"line":53,"column":3}},"33":{"start":{"line":60,"column":1},"end":{"line":60,"column":1}},"34":{"start":{"line":61,"column":2},"end":{"line":61,"column":2}},"35":{"start":{"line":62,"column":2},"end":{"line":62,"column":2}},"36":{"start":{"line":64,"column":2},"end":{"line":64,"column":2}},"37":{"start":{"line":70,"column":2},"end":{"line":70,"column":2}},"38":{"start":{"line":71,"column":3},"end":{"line":71,"column":3}},"39":{"start":{"line":78,"column":1},"end":{"line":78,"column":1}},"40":{"start":{"line":79,"column":2},"end":{"line":79,"column":2}},"41":{"start":{"line":80,"column":2},"end":{"line":80,"column":2}},"42":{"start":{"line":84,"column":2},"end":{"line":84,"column":2}},"43":{"start":{"line":88,"column":1},"end":{"line":88,"column":1}},"44":{"start":{"line":89,"column":2},"end":{"line":89,"column":2}},"45":{"start":{"line":90,"column":2},"end":{"line":90,"column":2}},"46":{"start":{"line":94,"column":2},"end":{"line":94,"column":2}},"47":{"start":{"line":98,"column":1},"end":{"line":98,"column":1}},"48":{"start":{"line":99,"column":2},"end":{"line":99,"column":2}},"49":{"start":{"line":100,"column":2},"end":{"line":100,"column":2}},"50":{"start":{"line":101,"column":2},"end":{"line":101,"column":2}}},"branchMap":{"1":{"line":17,"type":"cond-expr","locations":[{"start":{"line":0,"column":0},"end":{"line":0,"column":0},"skip":true},{"start":{"line":0,"column":0},"end":{"line":0,"column":0},"skip":true}]},"2":{"line":17,"type":"binary-expr","locations":[{"start":{"line":0,"column":0},"end":{"line":0,"column":0},"skip":true},{"start":{"line":0,"column":0},"end":{"line":0,"column":0},"skip":true}]},"3":{"line":24,"type":"if","locations":[{"start":{"line":11,"column":2},"end":{"line":11,"column":2}},{"start":{"line":11,"column":2},"end":{"line":11,"column":2}}]},"4":{"line":34,"type":"if","locations":[{"start":{"line":21,"column":4},"end":{"line":21,"column":4}},{"start":{"line":21,"column":4},"end":{"line":21,"column":4}}]}}},"/Users/Ryan_Garfield/Documents/531 Web Dev/hw5/src/components/app.js":{"path":"/Users/Ryan_Garfield/Documents/531 Web Dev/hw5/src/components/app.js","s":{"1":1,"2":1,"3":1,"4":1,"5":1,"6":1,"7":1,"8":1,"9":1,"10":1,"11":1,"12":1,"13":1,"14":5,"15":1,"16":0,"17":0,"18":0,"19":0,"20":0,"21":0,"22":0,"23":0,"24":0,"25":0,"26":1,"27":0},"b":{"1":[4,1],"2":[5,5],"3":[0,0,0]},"f":{"1":5,"2":0,"3":0},"fnMap":{"1":{"name":"_interopRequireDefault","line":29,"loc":{"start":{"line":0,"column":0},"end":{"line":0,"column":0},"skip":true},"skip":true},"2":{"name":"App","line":31,"loc":{"start":{"line":9,"column":12},"end":{"line":9,"column":28}}},"3":{"name":"(anonymous_3)","line":54,"loc":{"start":{"line":27,"column":23},"end":{"line":27,"column":34}}}},"statementMap":{"1":{"start":{"line":0,"column":0},"end":{"line":0,"column":0},"skip":true},"2":{"start":{"line":1,"column":-15},"end":{"line":1,"column":-15}},"3":{"start":{"line":0,"column":0},"end":{"line":0,"column":0},"skip":true},"4":{"start":{"line":2,"column":0},"end":{"line":2,"column":0}},"5":{"start":{"line":4,"column":0},"end":{"line":4,"column":0}},"6":{"start":{"line":0,"column":0},"end":{"line":0,"column":0},"skip":true},"7":{"start":{"line":5,"column":0},"end":{"line":5,"column":0}},"8":{"start":{"line":0,"column":0},"end":{"line":0,"column":0},"skip":true},"9":{"start":{"line":6,"column":0},"end":{"line":6,"column":0}},"10":{"start":{"line":0,"column":0},"end":{"line":0,"column":0},"skip":true},"11":{"start":{"line":7,"column":0},"end":{"line":7,"column":0}},"12":{"start":{"line":0,"column":0},"end":{"line":0,"column":0},"skip":true},"13":{"start":{"line":0,"column":0},"end":{"line":0,"column":0},"skip":true},"14":{"start":{"line":0,"column":0},"end":{"line":0,"column":0},"skip":true},"15":{"start":{"line":9,"column":0},"end":{"line":9,"column":0}},"16":{"start":{"line":9,"column":28},"end":{"line":9,"column":28}},"17":{"start":{"line":12,"column":4},"end":{"line":12,"column":4}},"18":{"start":{"line":13,"column":4},"end":{"line":13,"column":4}},"19":{"start":{"line":14,"column":21},"end":{"line":14,"column":37}},"20":{"start":{"line":14,"column":37},"end":{"line":14,"column":37}},"21":{"start":{"line":15,"column":24},"end":{"line":15,"column":43}},"22":{"start":{"line":15,"column":43},"end":{"line":15,"column":43}},"23":{"start":{"line":16,"column":17},"end":{"line":16,"column":36}},"24":{"start":{"line":16,"column":36},"end":{"line":16,"column":36}},"25":{"start":{"line":19,"column":4},"end":{"line":19,"column":4}},"26":{"start":{"line":0,"column":0},"end":{"line":0,"column":0},"skip":true},"27":{"start":{"line":28,"column":4},"end":{"line":28,"column":4}}},"branchMap":{"1":{"line":29,"type":"cond-expr","locations":[{"start":{"line":0,"column":0},"end":{"line":0,"column":0},"skip":true},{"start":{"line":0,"column":0},"end":{"line":0,"column":0},"skip":true}]},"2":{"line":29,"type":"binary-expr","locations":[{"start":{"line":0,"column":0},"end":{"line":0,"column":0},"skip":true},{"start":{"line":0,"column":0},"end":{"line":0,"column":0},"skip":true}]},"3":{"line":37,"type":"switch","locations":[{"start":{"line":14,"column":8},"end":{"line":14,"column":37}},{"start":{"line":15,"column":8},"end":{"line":15,"column":43}},{"start":{"line":16,"column":8},"end":{"line":16,"column":36}}]}}},"/Users/Ryan_Garfield/Documents/531 Web Dev/hw5/src/components/main/nav.js":{"path":"/Users/Ryan_Garfield/Documents/531 Web Dev/hw5/src/components/main/nav.js","s":{"1":1,"2":1,"3":1,"4":1,"5":1,"6":1,"7":1,"8":1,"9":1,"10":0,"11":0,"12":0,"13":0,"14":0,"15":1,"16":0},"b":{"1":[0,1],"2":[1,1],"3":[0,0],"4":[0,0],"5":[0,0]},"f":{"1":1,"2":0,"3":0,"4":0,"5":0,"6":0},"fnMap":{"1":{"name":"_interopRequireDefault","line":17,"loc":{"start":{"line":0,"column":0},"end":{"line":0,"column":0},"skip":true},"skip":true},"2":{"name":"Nav","line":19,"loc":{"start":{"line":6,"column":12},"end":{"line":6,"column":12}}},"3":{"name":"onClick","line":56,"loc":{"start":{"line":22,"column":41},"end":{"line":22,"column":47}}},"4":{"name":"onClick","line":66,"loc":{"start":{"line":23,"column":41},"end":{"line":23,"column":47}}},"5":{"name":"onClick","line":77,"loc":{"start":{"line":25,"column":39},"end":{"line":25,"column":45}}},"6":{"name":"(anonymous_6)","line":91,"loc":{"start":{"line":34,"column":2},"end":{"line":34,"column":13}}}},"statementMap":{"1":{"start":{"line":0,"column":0},"end":{"line":0,"column":0},"skip":true},"2":{"start":{"line":1,"column":-15},"end":{"line":1,"column":-15}},"3":{"start":{"line":0,"column":0},"end":{"line":0,"column":0},"skip":true},"4":{"start":{"line":2,"column":0},"end":{"line":2,"column":0}},"5":{"start":{"line":3,"column":0},"end":{"line":3,"column":0}},"6":{"start":{"line":4,"column":0},"end":{"line":4,"column":0}},"7":{"start":{"line":0,"column":0},"end":{"line":0,"column":0},"skip":true},"8":{"start":{"line":0,"column":0},"end":{"line":0,"column":0},"skip":true},"9":{"start":{"line":6,"column":0},"end":{"line":6,"column":0}},"10":{"start":{"line":6,"column":12},"end":{"line":6,"column":12}},"11":{"start":{"line":6,"column":12},"end":{"line":6,"column":12}},"12":{"start":{"line":22,"column":49},"end":{"line":22,"column":49}},"13":{"start":{"line":23,"column":49},"end":{"line":23,"column":49}},"14":{"start":{"line":25,"column":47},"end":{"line":25,"column":47}},"15":{"start":{"line":0,"column":0},"end":{"line":0,"column":0},"skip":true},"16":{"start":{"line":35,"column":4},"end":{"line":35,"column":4}}},"branchMap":{"1":{"line":17,"type":"cond-expr","locations":[{"start":{"line":0,"column":0},"end":{"line":0,"column":0},"skip":true},{"start":{"line":0,"column":0},"end":{"line":0,"column":0},"skip":true}]},"2":{"line":17,"type":"binary-expr","locations":[{"start":{"line":0,"column":0},"end":{"line":0,"column":0},"skip":true},{"start":{"line":0,"column":0},"end":{"line":0,"column":0},"skip":true}]},"3":{"line":45,"type":"cond-expr","locations":[{"start":{"line":18,"column":33},"end":{"line":18,"column":10}},{"start":{"line":19,"column":8},"end":{"line":19,"column":8}}]},"4":{"line":51,"type":"cond-expr","locations":[{"start":{"line":22,"column":16},"end":{"line":21,"column":16}},{"start":{"line":23,"column":16},"end":{"line":20,"column":10}}]},"5":{"line":93,"type":"binary-expr","locations":[{"start":{"line":36,"column":16},"end":{"line":36,"column":16}},{"start":{"line":36,"column":42},"end":{"line":35,"column":11}}]}}},"/Users/Ryan_Garfield/Documents/531 Web Dev/hw5/src/components/auth/authActions.js":{"path":"/Users/Ryan_Garfield/Documents/531 Web Dev/hw5/src/components/auth/authActions.js","s":{"1":1,"2":1,"3":1,"4":1,"5":1,"6":1,"7":1,"8":1,"9":1,"10":1,"11":1,"12":1,"13":1,"14":2,"15":1,"16":0,"17":0,"18":0,"19":0,"20":0,"21":1,"22":2,"23":2,"24":1,"25":1,"26":2,"27":1,"28":1,"29":1,"30":0,"31":0,"32":1,"33":0,"34":0,"35":0,"36":0,"37":0,"38":0,"39":0,"40":0,"41":0,"42":0},"b":{"1":[1,0],"2":[1,1],"3":[0,0],"4":[0,0,0,0,0,0,0],"5":[0,0]},"f":{"1":1,"2":2,"3":1,"4":0,"5":1,"6":2,"7":2,"8":1,"9":2,"10":1,"11":1,"12":0,"13":0,"14":0,"15":0,"16":0},"fnMap":{"1":{"name":"_interopRequireDefault","line":21,"loc":{"start":{"line":0,"column":0},"end":{"line":0,"column":0},"skip":true},"skip":true},"2":{"name":"initialVisit","line":23,"loc":{"start":{"line":7,"column":7},"end":{"line":7,"column":31}}},"3":{"name":"(anonymous_3)","line":24,"loc":{"start":{"line":8,"column":11},"end":{"line":8,"column":25}}},"4":{"name":"(anonymous_4)","line":26,"loc":{"start":{"line":10,"column":42},"end":{"line":10,"column":56}}},"5":{"name":"(anonymous_5)","line":35,"loc":{"start":{"line":19,"column":17},"end":{"line":19,"column":26}}},"6":{"name":"localLogin","line":41,"loc":{"start":{"line":25,"column":7},"end":{"line":25,"column":47}}},"7":{"name":"(anonymous_7)","line":42,"loc":{"start":{"line":26,"column":11},"end":{"line":26,"column":25}}},"8":{"name":"(anonymous_8)","line":43,"loc":{"start":{"line":28,"column":14},"end":{"line":28,"column":28}}},"9":{"name":"(anonymous_9)","line":46,"loc":{"start":{"line":31,"column":17},"end":{"line":31,"column":26}}},"10":{"name":"logout","line":52,"loc":{"start":{"line":37,"column":7},"end":{"line":37,"column":25}}},"11":{"name":"(anonymous_11)","line":53,"loc":{"start":{"line":38,"column":11},"end":{"line":38,"column":25}}},"12":{"name":"(anonymous_12)","line":54,"loc":{"start":{"line":41,"column":15},"end":{"line":41,"column":24}}},"13":{"name":"register","line":61,"loc":{"start":{"line":48,"column":7},"end":{"line":48,"column":85}}},"14":{"name":"(anonymous_14)","line":70,"loc":{"start":{"line":49,"column":11},"end":{"line":49,"column":25}}},"15":{"name":"(anonymous_15)","line":80,"loc":{"start":{"line":60,"column":14},"end":{"line":60,"column":28}}},"16":{"name":"(anonymous_16)","line":82,"loc":{"start":{"line":62,"column":17},"end":{"line":62,"column":26}}}},"statementMap":{"1":{"start":{"line":0,"column":0},"end":{"line":0,"column":0},"skip":true},"2":{"start":{"line":0,"column":0},"end":{"line":0,"column":0},"skip":true},"3":{"start":{"line":0,"column":0},"end":{"line":0,"column":0},"skip":true},"4":{"start":{"line":0,"column":0},"end":{"line":0,"column":0},"skip":true},"5":{"start":{"line":0,"column":0},"end":{"line":0,"column":0},"skip":true},"6":{"start":{"line":1,"column":-15},"end":{"line":1,"column":-15}},"7":{"start":{"line":0,"column":0},"end":{"line":0,"column":0},"skip":true},"8":{"start":{"line":3,"column":0},"end":{"line":3,"column":0}},"9":{"start":{"line":4,"column":0},"end":{"line":4,"column":0}},"10":{"start":{"line":5,"column":0},"end":{"line":5,"column":0}},"11":{"start":{"line":0,"column":0},"end":{"line":0,"column":0},"skip":true},"12":{"start":{"line":0,"column":0},"end":{"line":0,"column":0},"skip":true},"13":{"start":{"line":7,"column":7},"end":{"line":23,"column":1}},"14":{"start":{"line":8,"column":4},"end":{"line":8,"column":4}},"15":{"start":{"line":10,"column":8},"end":{"line":10,"column":8}},"16":{"start":{"line":11,"column":12},"end":{"line":11,"column":12}},"17":{"start":{"line":12,"column":12},"end":{"line":12,"column":12}},"18":{"start":{"line":16,"column":12},"end":{"line":16,"column":12}},"19":{"start":{"line":17,"column":12},"end":{"line":17,"column":12}},"20":{"start":{"line":18,"column":12},"end":{"line":18,"column":12}},"21":{"start":{"line":25,"column":7},"end":{"line":35,"column":1}},"22":{"start":{"line":26,"column":4},"end":{"line":26,"column":4}},"23":{"start":{"line":27,"column":8},"end":{"line":27,"column":8}},"24":{"start":{"line":29,"column":12},"end":{"line":29,"column":12}},"25":{"start":{"line":30,"column":12},"end":{"line":30,"column":12}},"26":{"start":{"line":32,"column":12},"end":{"line":32,"column":12}},"27":{"start":{"line":37,"column":7},"end":{"line":46,"column":1}},"28":{"start":{"line":38,"column":4},"end":{"line":38,"column":4}},"29":{"start":{"line":39,"column":8},"end":{"line":39,"column":8}},"30":{"start":{"line":42,"column":12},"end":{"line":42,"column":12}},"31":{"start":{"line":43,"column":12},"end":{"line":43,"column":12}},"32":{"start":{"line":48,"column":7},"end":{"line":66,"column":1}},"33":{"start":{"line":48,"column":85},"end":{"line":48,"column":85}},"34":{"start":{"line":49,"column":4},"end":{"line":49,"column":4}},"35":{"start":{"line":50,"column":8},"end":{"line":52,"column":9}},"36":{"start":{"line":51,"column":12},"end":{"line":51,"column":12}},"37":{"start":{"line":54,"column":8},"end":{"line":54,"column":8}},"38":{"start":{"line":55,"column":8},"end":{"line":57,"column":9}},"39":{"start":{"line":56,"column":12},"end":{"line":56,"column":12}},"40":{"start":{"line":59,"column":8},"end":{"line":59,"column":8}},"41":{"start":{"line":61,"column":12},"end":{"line":61,"column":12}},"42":{"start":{"line":63,"column":12},"end":{"line":63,"column":12}}},"branchMap":{"1":{"line":21,"type":"cond-expr","locations":[{"start":{"line":0,"column":0},"end":{"line":0,"column":0},"skip":true},{"start":{"line":0,"column":0},"end":{"line":0,"column":0},"skip":true}]},"2":{"line":21,"type":"binary-expr","locations":[{"start":{"line":0,"column":0},"end":{"line":0,"column":0},"skip":true},{"start":{"line":0,"column":0},"end":{"line":0,"column":0},"skip":true}]},"3":{"line":71,"type":"if","locations":[{"start":{"line":50,"column":8},"end":{"line":50,"column":8}},{"start":{"line":50,"column":8},"end":{"line":50,"column":8}}]},"4":{"line":71,"type":"binary-expr","locations":[{"start":{"line":50,"column":12},"end":{"line":50,"column":12}},{"start":{"line":50,"column":25},"end":{"line":50,"column":12}},{"start":{"line":50,"column":35},"end":{"line":50,"column":12}},{"start":{"line":50,"column":45},"end":{"line":50,"column":12}},{"start":{"line":50,"column":55},"end":{"line":50,"column":12}},{"start":{"line":50,"column":67},"end":{"line":50,"column":12}},{"start":{"line":50,"column":80},"end":{"line":50,"column":8}}]},"5":{"line":76,"type":"if","locations":[{"start":{"line":55,"column":8},"end":{"line":55,"column":8}},{"start":{"line":55,"column":8},"end":{"line":55,"column":8}}]}}},"/Users/Ryan_Garfield/Documents/531 Web Dev/hw5/src/components/main/followingActions.js":{"path":"/Users/Ryan_Garfield/Documents/531 Web Dev/hw5/src/components/main/followingActions.js","s":{"1":1,"2":1,"3":1,"4":1,"5":1,"6":1,"7":1,"8":1,"9":1,"10":2,"11":1,"12":0,"13":1,"14":0,"15":1,"16":0,"17":0,"18":0,"19":0,"20":0,"21":0,"22":0,"23":0,"24":0,"25":0,"26":0,"27":0,"28":0,"29":0,"30":0,"31":0,"32":0,"33":0,"34":0,"35":0,"36":0,"37":0,"38":0},"b":{"1":[1,1],"2":[2,2],"3":[0,0],"4":[0,0],"5":[0,0],"6":[0,0],"7":[0,0],"8":[0,0],"9":[0,0],"10":[0,0]},"f":{"1":2,"2":0,"3":0,"4":0,"5":0,"6":0,"7":0,"8":0,"9":0,"10":0,"11":0,"12":0,"13":0},"fnMap":{"1":{"name":"_interopRequireDefault","line":18,"loc":{"start":{"line":0,"column":0},"end":{"line":0,"column":0},"skip":true},"skip":true},"2":{"name":"delFollower","line":20,"loc":{"start":{"line":4,"column":7},"end":{"line":4,"column":34}}},"3":{"name":"addFollower","line":23,"loc":{"start":{"line":5,"column":7},"end":{"line":5,"column":34}}},"4":{"name":"fetchFollowers","line":27,"loc":{"start":{"line":7,"column":7},"end":{"line":7,"column":45}}},"5":{"name":"(anonymous_5)","line":28,"loc":{"start":{"line":8,"column":11},"end":{"line":8,"column":35}}},"6":{"name":"(anonymous_6)","line":33,"loc":{"start":{"line":14,"column":14},"end":{"line":14,"column":28}}},"7":{"name":"(anonymous_7)","line":39,"loc":{"start":{"line":20,"column":56},"end":{"line":20,"column":69}}},"8":{"name":"(anonymous_8)","line":44,"loc":{"start":{"line":24,"column":22},"end":{"line":24,"column":36}}},"9":{"name":"(anonymous_9)","line":45,"loc":{"start":{"line":25,"column":47},"end":{"line":25,"column":54}}},"10":{"name":"(anonymous_10)","line":53,"loc":{"start":{"line":34,"column":22},"end":{"line":34,"column":36}}},"11":{"name":"(anonymous_11)","line":54,"loc":{"start":{"line":35,"column":45},"end":{"line":35,"column":52}}},"12":{"name":"(anonymous_12)","line":62,"loc":{"start":{"line":43,"column":63},"end":{"line":43,"column":69}}},"13":{"name":"(anonymous_13)","line":65,"loc":{"start":{"line":46,"column":17},"end":{"line":46,"column":26}}}},"statementMap":{"1":{"start":{"line":0,"column":0},"end":{"line":0,"column":0},"skip":true},"2":{"start":{"line":0,"column":0},"end":{"line":0,"column":0},"skip":true},"3":{"start":{"line":0,"column":0},"end":{"line":0,"column":0},"skip":true},"4":{"start":{"line":0,"column":0},"end":{"line":0,"column":0},"skip":true},"5":{"start":{"line":1,"column":-15},"end":{"line":1,"column":-15}},"6":{"start":{"line":0,"column":0},"end":{"line":0,"column":0},"skip":true},"7":{"start":{"line":2,"column":0},"end":{"line":2,"column":0}},"8":{"start":{"line":0,"column":0},"end":{"line":0,"column":0},"skip":true},"9":{"start":{"line":0,"column":0},"end":{"line":0,"column":0},"skip":true},"10":{"start":{"line":0,"column":0},"end":{"line":0,"column":0},"skip":true},"11":{"start":{"line":4,"column":7},"end":{"line":4,"column":75}},"12":{"start":{"line":4,"column":36},"end":{"line":4,"column":36}},"13":{"start":{"line":5,"column":7},"end":{"line":5,"column":72}},"14":{"start":{"line":5,"column":36},"end":{"line":5,"column":36}},"15":{"start":{"line":7,"column":7},"end":{"line":50,"column":1}},"16":{"start":{"line":8,"column":4},"end":{"line":8,"column":4}},"17":{"start":{"line":9,"column":8},"end":{"line":11,"column":9}},"18":{"start":{"line":10,"column":12},"end":{"line":10,"column":12}},"19":{"start":{"line":13,"column":8},"end":{"line":13,"column":8}},"20":{"start":{"line":16,"column":12},"end":{"line":18,"column":13}},"21":{"start":{"line":17,"column":16},"end":{"line":17,"column":16}},"22":{"start":{"line":20,"column":12},"end":{"line":20,"column":12}},"23":{"start":{"line":20,"column":71},"end":{"line":20,"column":89}},"24":{"start":{"line":20,"column":89},"end":{"line":20,"column":89}},"25":{"start":{"line":21,"column":12},"end":{"line":21,"column":12}},"26":{"start":{"line":23,"column":12},"end":{"line":23,"column":12}},"27":{"start":{"line":25,"column":20},"end":{"line":25,"column":20}},"28":{"start":{"line":26,"column":24},"end":{"line":26,"column":24}},"29":{"start":{"line":27,"column":24},"end":{"line":29,"column":25}},"30":{"start":{"line":28,"column":28},"end":{"line":28,"column":28}},"31":{"start":{"line":33,"column":12},"end":{"line":33,"column":12}},"32":{"start":{"line":35,"column":20},"end":{"line":35,"column":20}},"33":{"start":{"line":36,"column":24},"end":{"line":36,"column":24}},"34":{"start":{"line":37,"column":24},"end":{"line":39,"column":25}},"35":{"start":{"line":38,"column":28},"end":{"line":38,"column":28}},"36":{"start":{"line":43,"column":12},"end":{"line":43,"column":12}},"37":{"start":{"line":44,"column":16},"end":{"line":44,"column":16}},"38":{"start":{"line":47,"column":12},"end":{"line":47,"column":12}}},"branchMap":{"1":{"line":18,"type":"cond-expr","locations":[{"start":{"line":0,"column":0},"end":{"line":0,"column":0},"skip":true},{"start":{"line":0,"column":0},"end":{"line":0,"column":0},"skip":true}]},"2":{"line":18,"type":"binary-expr","locations":[{"start":{"line":0,"column":0},"end":{"line":0,"column":0},"skip":true},{"start":{"line":0,"column":0},"end":{"line":0,"column":0},"skip":true}]},"3":{"line":29,"type":"if","locations":[{"start":{"line":9,"column":8},"end":{"line":9,"column":8}},{"start":{"line":9,"column":8},"end":{"line":9,"column":8}}]},"4":{"line":29,"type":"binary-expr","locations":[{"start":{"line":9,"column":12},"end":{"line":9,"column":12}},{"start":{"line":9,"column":31},"end":{"line":9,"column":8}}]},"5":{"line":33,"type":"cond-expr","locations":[{"start":{"line":13,"column":26},"end":{"line":13,"column":17}},{"start":{"line":13,"column":35},"end":{"line":13,"column":8}}]},"6":{"line":33,"type":"cond-expr","locations":[{"start":{"line":13,"column":64},"end":{"line":13,"column":57}},{"start":{"line":13,"column":77},"end":{"line":13,"column":42}}]},"7":{"line":35,"type":"if","locations":[{"start":{"line":16,"column":12},"end":{"line":16,"column":12}},{"start":{"line":16,"column":12},"end":{"line":16,"column":12}}]},"8":{"line":35,"type":"binary-expr","locations":[{"start":{"line":16,"column":16},"end":{"line":16,"column":16}},{"start":{"line":16,"column":35},"end":{"line":16,"column":12}}]},"9":{"line":47,"type":"if","locations":[{"start":{"line":27,"column":24},"end":{"line":27,"column":24}},{"start":{"line":27,"column":24},"end":{"line":27,"column":24}}]},"10":{"line":56,"type":"if","locations":[{"start":{"line":37,"column":24},"end":{"line":37,"column":24}},{"start":{"line":37,"column":24},"end":{"line":37,"column":24}}]}}},"/Users/Ryan_Garfield/Documents/531 Web Dev/hw5/src/components/article/articleActions.js":{"path":"/Users/Ryan_Garfield/Documents/531 Web Dev/hw5/src/components/article/articleActions.js","s":{"1":1,"2":1,"3":1,"4":1,"5":1,"6":1,"7":1,"8":1,"9":1,"10":1,"11":0,"12":0,"13":0,"14":0,"15":0,"16":1,"17":0,"18":0,"19":0,"20":0,"21":0,"22":0,"23":0,"24":0,"25":0,"26":0,"27":0,"28":0,"29":0,"30":0,"31":0,"32":0,"33":0,"34":0,"35":1,"36":0,"37":0,"38":0,"39":0,"40":0,"41":0,"42":0,"43":1,"44":0,"45":0,"46":0,"47":0,"48":0,"49":0,"50":0,"51":1,"52":0},"b":{"1":[1,0],"2":[1,1],"3":[0,0],"4":[0,0],"5":[0,0]},"f":{"1":1,"2":0,"3":0,"4":0,"5":0,"6":0,"7":0,"8":0,"9":0,"10":0,"11":0,"12":0,"13":0,"14":0,"15":0,"16":0,"17":0,"18":0,"19":0},"fnMap":{"1":{"name":"_interopRequireDefault","line":15,"loc":{"start":{"line":0,"column":0},"end":{"line":0,"column":0},"skip":true},"skip":true},"2":{"name":"_toConsumableArray","line":17,"loc":{"start":{"line":0,"column":0},"end":{"line":0,"column":0},"skip":true},"skip":true},"3":{"name":"fetchArticles","line":19,"loc":{"start":{"line":3,"column":7},"end":{"line":3,"column":32}}},"4":{"name":"(anonymous_4)","line":20,"loc":{"start":{"line":4,"column":11},"end":{"line":4,"column":35}}},"5":{"name":"(anonymous_5)","line":21,"loc":{"start":{"line":6,"column":14},"end":{"line":6,"column":28}}},"6":{"name":"(anonymous_6)","line":22,"loc":{"start":{"line":7,"column":54},"end":{"line":7,"column":63}}},"7":{"name":"(anonymous_7)","line":29,"loc":{"start":{"line":14,"column":61},"end":{"line":14,"column":77}}},"8":{"name":"(anonymous_8)","line":30,"loc":{"start":{"line":15,"column":37},"end":{"line":15,"column":37}}},"9":{"name":"(anonymous_9)","line":32,"loc":{"start":{"line":15,"column":62},"end":{"line":15,"column":62}}},"10":{"name":"(anonymous_10)","line":36,"loc":{"start":{"line":17,"column":26},"end":{"line":17,"column":26}}},"11":{"name":"(anonymous_11)","line":40,"loc":{"start":{"line":20,"column":22},"end":{"line":20,"column":36}}},"12":{"name":"(anonymous_12)","line":41,"loc":{"start":{"line":21,"column":45},"end":{"line":21,"column":52}}},"13":{"name":"uploadArticle","line":51,"loc":{"start":{"line":31,"column":7},"end":{"line":31,"column":45}}},"14":{"name":"(anonymous_14)","line":52,"loc":{"start":{"line":32,"column":11},"end":{"line":32,"column":25}}},"15":{"name":"(anonymous_15)","line":56,"loc":{"start":{"line":37,"column":14},"end":{"line":37,"column":28}}},"16":{"name":"editArticle","line":63,"loc":{"start":{"line":44,"column":7},"end":{"line":44,"column":59}}},"17":{"name":"(anonymous_17)","line":64,"loc":{"start":{"line":45,"column":11},"end":{"line":45,"column":25}}},"18":{"name":"(anonymous_18)","line":67,"loc":{"start":{"line":49,"column":14},"end":{"line":49,"column":28}}},"19":{"name":"searchKeyword","line":74,"loc":{"start":{"line":56,"column":7},"end":{"line":56,"column":39}}}},"statementMap":{"1":{"start":{"line":0,"column":0},"end":{"line":0,"column":0},"skip":true},"2":{"start":{"line":0,"column":0},"end":{"line":0,"column":0},"skip":true},"3":{"start":{"line":0,"column":0},"end":{"line":0,"column":0},"skip":true},"4":{"start":{"line":0,"column":0},"end":{"line":0,"column":0},"skip":true},"5":{"start":{"line":0,"column":0},"end":{"line":0,"column":0},"skip":true},"6":{"start":{"line":1,"column":-15},"end":{"line":1,"column":-15}},"7":{"start":{"line":0,"column":0},"end":{"line":0,"column":0},"skip":true},"8":{"start":{"line":0,"column":0},"end":{"line":0,"column":0},"skip":true},"9":{"start":{"line":0,"column":0},"end":{"line":0,"column":0},"skip":true},"10":{"start":{"line":0,"column":0},"end":{"line":0,"column":0},"skip":true},"11":{"start":{"line":0,"column":0},"end":{"line":0,"column":0},"skip":true},"12":{"start":{"line":0,"column":0},"end":{"line":0,"column":0},"skip":true},"13":{"start":{"line":0,"column":0},"end":{"line":0,"column":0},"skip":true},"14":{"start":{"line":0,"column":0},"end":{"line":0,"column":0},"skip":true},"15":{"start":{"line":0,"column":0},"end":{"line":0,"column":0},"skip":true},"16":{"start":{"line":3,"column":7},"end":{"line":29,"column":1}},"17":{"start":{"line":4,"column":4},"end":{"line":4,"column":4}},"18":{"start":{"line":5,"column":8},"end":{"line":5,"column":8}},"19":{"start":{"line":7,"column":12},"end":{"line":7,"column":12}},"20":{"start":{"line":8,"column":16},"end":{"line":8,"column":16}},"21":{"start":{"line":9,"column":16},"end":{"line":9,"column":16}},"22":{"start":{"line":11,"column":12},"end":{"line":11,"column":12}},"23":{"start":{"line":13,"column":12},"end":{"line":13,"column":12}},"24":{"start":{"line":14,"column":12},"end":{"line":14,"column":12}},"25":{"start":{"line":15,"column":16},"end":{"line":15,"column":16}},"26":{"start":{"line":15,"column":37},"end":{"line":15,"column":37}},"27":{"start":{"line":15,"column":62},"end":{"line":15,"column":62}},"28":{"start":{"line":16,"column":16},"end":{"line":16,"column":16}},"29":{"start":{"line":17,"column":26},"end":{"line":17,"column":26}},"30":{"start":{"line":18,"column":12},"end":{"line":26,"column":13}},"31":{"start":{"line":19,"column":16},"end":{"line":19,"column":16}},"32":{"start":{"line":21,"column":20},"end":{"line":21,"column":20}},"33":{"start":{"line":22,"column":24},"end":{"line":22,"column":24}},"34":{"start":{"line":24,"column":20},"end":{"line":24,"column":20}},"35":{"start":{"line":31,"column":7},"end":{"line":42,"column":1}},"36":{"start":{"line":32,"column":4},"end":{"line":32,"column":4}},"37":{"start":{"line":33,"column":8},"end":{"line":33,"column":8}},"38":{"start":{"line":34,"column":8},"end":{"line":34,"column":8}},"39":{"start":{"line":35,"column":8},"end":{"line":35,"column":8}},"40":{"start":{"line":36,"column":8},"end":{"line":36,"column":8}},"41":{"start":{"line":38,"column":12},"end":{"line":38,"column":12}},"42":{"start":{"line":39,"column":12},"end":{"line":39,"column":12}},"43":{"start":{"line":44,"column":7},"end":{"line":54,"column":1}},"44":{"start":{"line":45,"column":4},"end":{"line":45,"column":4}},"45":{"start":{"line":46,"column":8},"end":{"line":46,"column":8}},"46":{"start":{"line":47,"column":8},"end":{"line":47,"column":23}},"47":{"start":{"line":47,"column":23},"end":{"line":47,"column":23}},"48":{"start":{"line":48,"column":8},"end":{"line":48,"column":8}},"49":{"start":{"line":50,"column":12},"end":{"line":50,"column":12}},"50":{"start":{"line":51,"column":12},"end":{"line":51,"column":12}},"51":{"start":{"line":56,"column":7},"end":{"line":58,"column":1}},"52":{"start":{"line":57,"column":4},"end":{"line":57,"column":4}}},"branchMap":{"1":{"line":15,"type":"cond-expr","locations":[{"start":{"line":0,"column":0},"end":{"line":0,"column":0},"skip":true},{"start":{"line":0,"column":0},"end":{"line":0,"column":0},"skip":true}]},"2":{"line":15,"type":"binary-expr","locations":[{"start":{"line":0,"column":0},"end":{"line":0,"column":0},"skip":true},{"start":{"line":0,"column":0},"end":{"line":0,"column":0},"skip":true}]},"3":{"line":17,"type":"if","locations":[{"start":{"line":0,"column":0},"end":{"line":0,"column":0},"skip":true},{"start":{"line":0,"column":0},"end":{"line":0,"column":0},"skip":true}]},"4":{"line":39,"type":"if","locations":[{"start":{"line":18,"column":12},"end":{"line":18,"column":12}},{"start":{"line":18,"column":12},"end":{"line":18,"column":12}}]},"5":{"line":66,"type":"if","locations":[{"start":{"line":47,"column":8},"end":{"line":47,"column":8}},{"start":{"line":47,"column":8},"end":{"line":47,"column":8}}]}}},"/Users/Ryan_Garfield/Documents/531 Web Dev/hw5/src/components/profile/profileActions.js":{"path":"/Users/Ryan_Garfield/Documents/531 Web Dev/hw5/src/components/profile/profileActions.js","s":{"1":1,"2":1,"3":1,"4":1,"5":1,"6":1,"7":1,"8":1,"9":1,"10":1,"11":1,"12":0,"13":0,"14":0,"15":0,"16":0,"17":0,"18":0,"19":0,"20":0,"21":0,"22":0,"23":0,"24":0,"25":0,"26":0,"27":0,"28":1,"29":0,"30":0,"31":1,"32":0,"33":0,"34":0,"35":0,"36":0,"37":0,"38":0,"39":0,"40":1,"41":0,"42":0,"43":0,"44":0,"45":0,"46":1,"47":0,"48":0,"49":0,"50":0,"51":0,"52":0,"53":0,"54":0,"55":0,"56":0,"57":1,"58":0,"59":0,"60":0,"61":0,"62":0,"63":0,"64":0,"65":0,"66":0,"67":0,"68":0,"69":0,"70":0,"71":1,"72":0,"73":0,"74":0,"75":0,"76":0,"77":0},"b":{"1":[1,0],"2":[1,1],"3":[0,0],"4":[0,0],"5":[0,0],"6":[0,0],"7":[0,0],"8":[0,0],"9":[0,0],"10":[0,0],"11":[0,0],"12":[0,0],"13":[0,0],"14":[0,0],"15":[0,0],"16":[0,0,0,0],"17":[0,0]},"f":{"1":1,"2":0,"3":0,"4":0,"5":0,"6":0,"7":0,"8":0,"9":0,"10":0,"11":0,"12":0,"13":0,"14":0,"15":0,"16":0,"17":0},"fnMap":{"1":{"name":"_interopRequireDefault","line":16,"loc":{"start":{"line":0,"column":0},"end":{"line":0,"column":0},"skip":true},"skip":true},"2":{"name":"validateProfile","line":18,"loc":{"start":{"line":3,"column":7},"end":{"line":3,"column":83}}},"3":{"name":"updateHeadline","line":58,"loc":{"start":{"line":36,"column":7},"end":{"line":36,"column":41}}},"4":{"name":"(anonymous_4)","line":59,"loc":{"start":{"line":37,"column":11},"end":{"line":37,"column":25}}},"5":{"name":"updateProfile","line":64,"loc":{"start":{"line":42,"column":7},"end":{"line":42,"column":71}}},"6":{"name":"(anonymous_6)","line":71,"loc":{"start":{"line":43,"column":11},"end":{"line":43,"column":25}}},"7":{"name":"fetchProfile","line":82,"loc":{"start":{"line":54,"column":7},"end":{"line":54,"column":31}}},"8":{"name":"(anonymous_8)","line":83,"loc":{"start":{"line":55,"column":11},"end":{"line":55,"column":25}}},"9":{"name":"updateField","line":91,"loc":{"start":{"line":63,"column":0},"end":{"line":63,"column":35}}},"10":{"name":"(anonymous_10)","line":92,"loc":{"start":{"line":64,"column":11},"end":{"line":64,"column":25}}},"11":{"name":"(anonymous_11)","line":96,"loc":{"start":{"line":68,"column":49},"end":{"line":68,"column":63}}},"12":{"name":"fetchField","line":105,"loc":{"start":{"line":80,"column":0},"end":{"line":80,"column":27}}},"13":{"name":"(anonymous_13)","line":106,"loc":{"start":{"line":81,"column":11},"end":{"line":81,"column":25}}},"14":{"name":"(anonymous_14)","line":107,"loc":{"start":{"line":82,"column":36},"end":{"line":82,"column":50}}},"15":{"name":"uploadImage","line":124,"loc":{"start":{"line":99,"column":7},"end":{"line":99,"column":34}}},"16":{"name":"(anonymous_16)","line":125,"loc":{"start":{"line":100,"column":11},"end":{"line":100,"column":25}}},"17":{"name":"(anonymous_17)","line":129,"loc":{"start":{"line":105,"column":18},"end":{"line":105,"column":32}}}},"statementMap":{"1":{"start":{"line":0,"column":0},"end":{"line":0,"column":0},"skip":true},"2":{"start":{"line":0,"column":0},"end":{"line":0,"column":0},"skip":true},"3":{"start":{"line":0,"column":0},"end":{"line":0,"column":0},"skip":true},"4":{"start":{"line":0,"column":0},"end":{"line":0,"column":0},"skip":true},"5":{"start":{"line":0,"column":0},"end":{"line":0,"column":0},"skip":true},"6":{"start":{"line":0,"column":0},"end":{"line":0,"column":0},"skip":true},"7":{"start":{"line":1,"column":-15},"end":{"line":1,"column":-15}},"8":{"start":{"line":0,"column":0},"end":{"line":0,"column":0},"skip":true},"9":{"start":{"line":0,"column":0},"end":{"line":0,"column":0},"skip":true},"10":{"start":{"line":0,"column":0},"end":{"line":0,"column":0},"skip":true},"11":{"start":{"line":3,"column":7},"end":{"line":34,"column":1}},"12":{"start":{"line":3,"column":83},"end":{"line":3,"column":83}},"13":{"start":{"line":4,"column":4},"end":{"line":8,"column":5}},"14":{"start":{"line":5,"column":8},"end":{"line":7,"column":9}},"15":{"start":{"line":6,"column":12},"end":{"line":6,"column":12}},"16":{"start":{"line":10,"column":4},"end":{"line":14,"column":5}},"17":{"start":{"line":11,"column":8},"end":{"line":13,"column":9}},"18":{"start":{"line":12,"column":12},"end":{"line":12,"column":12}},"19":{"start":{"line":16,"column":4},"end":{"line":20,"column":5}},"20":{"start":{"line":17,"column":8},"end":{"line":19,"column":9}},"21":{"start":{"line":18,"column":12},"end":{"line":18,"column":12}},"22":{"start":{"line":22,"column":4},"end":{"line":24,"column":5}},"23":{"start":{"line":23,"column":8},"end":{"line":23,"column":8}},"24":{"start":{"line":26,"column":4},"end":{"line":31,"column":5}},"25":{"start":{"line":27,"column":8},"end":{"line":29,"column":9}},"26":{"start":{"line":28,"column":12},"end":{"line":28,"column":12}},"27":{"start":{"line":33,"column":4},"end":{"line":33,"column":4}},"28":{"start":{"line":36,"column":7},"end":{"line":40,"column":1}},"29":{"start":{"line":37,"column":4},"end":{"line":37,"column":4}},"30":{"start":{"line":38,"column":8},"end":{"line":38,"column":8}},"31":{"start":{"line":42,"column":7},"end":{"line":52,"column":1}},"32":{"start":{"line":42,"column":71},"end":{"line":42,"column":71}},"33":{"start":{"line":43,"column":4},"end":{"line":43,"column":4}},"34":{"start":{"line":44,"column":8},"end":{"line":44,"column":8}},"35":{"start":{"line":45,"column":8},"end":{"line":47,"column":9}},"36":{"start":{"line":46,"column":12},"end":{"line":46,"column":12}},"37":{"start":{"line":48,"column":8},"end":{"line":48,"column":8}},"38":{"start":{"line":49,"column":8},"end":{"line":49,"column":8}},"39":{"start":{"line":50,"column":8},"end":{"line":50,"column":8}},"40":{"start":{"line":54,"column":7},"end":{"line":61,"column":1}},"41":{"start":{"line":55,"column":4},"end":{"line":55,"column":4}},"42":{"start":{"line":56,"column":8},"end":{"line":56,"column":8}},"43":{"start":{"line":57,"column":8},"end":{"line":57,"column":8}},"44":{"start":{"line":58,"column":8},"end":{"line":58,"column":8}},"45":{"start":{"line":59,"column":8},"end":{"line":59,"column":8}},"46":{"start":{"line":63,"column":0},"end":{"line":78,"column":1}},"47":{"start":{"line":64,"column":4},"end":{"line":64,"column":4}},"48":{"start":{"line":65,"column":8},"end":{"line":76,"column":9}},"49":{"start":{"line":66,"column":12},"end":{"line":66,"column":12}},"50":{"start":{"line":67,"column":12},"end":{"line":67,"column":12}},"51":{"start":{"line":68,"column":12},"end":{"line":68,"column":12}},"52":{"start":{"line":69,"column":16},"end":{"line":69,"column":16}},"53":{"start":{"line":70,"column":16},"end":{"line":70,"column":16}},"54":{"start":{"line":71,"column":16},"end":{"line":74,"column":20}},"55":{"start":{"line":72,"column":20},"end":{"line":71,"column":16}},"56":{"start":{"line":74,"column":20},"end":{"line":74,"column":20}},"57":{"start":{"line":80,"column":0},"end":{"line":97,"column":1}},"58":{"start":{"line":81,"column":4},"end":{"line":81,"column":4}},"59":{"start":{"line":82,"column":8},"end":{"line":82,"column":8}},"60":{"start":{"line":83,"column":12},"end":{"line":83,"column":12}},"61":{"start":{"line":84,"column":12},"end":{"line":84,"column":12}},"62":{"start":{"line":86,"column":20},"end":{"line":86,"column":64}},"63":{"start":{"line":86,"column":64},"end":{"line":86,"column":64}},"64":{"start":{"line":88,"column":20},"end":{"line":88,"column":51}},"65":{"start":{"line":88,"column":51},"end":{"line":88,"column":51}},"66":{"start":{"line":90,"column":20},"end":{"line":90,"column":55}},"67":{"start":{"line":90,"column":55},"end":{"line":90,"column":55}},"68":{"start":{"line":92,"column":20},"end":{"line":92,"column":72}},"69":{"start":{"line":92,"column":72},"end":{"line":92,"column":72}},"70":{"start":{"line":94,"column":12},"end":{"line":94,"column":12}},"71":{"start":{"line":99,"column":7},"end":{"line":110,"column":1}},"72":{"start":{"line":100,"column":4},"end":{"line":100,"column":4}},"73":{"start":{"line":101,"column":8},"end":{"line":108,"column":9}},"74":{"start":{"line":102,"column":12},"end":{"line":102,"column":12}},"75":{"start":{"line":103,"column":12},"end":{"line":103,"column":12}},"76":{"start":{"line":104,"column":12},"end":{"line":104,"column":12}},"77":{"start":{"line":106,"column":16},"end":{"line":106,"column":16}}},"branchMap":{"1":{"line":16,"type":"cond-expr","locations":[{"start":{"line":0,"column":0},"end":{"line":0,"column":0},"skip":true},{"start":{"line":0,"column":0},"end":{"line":0,"column":0},"skip":true}]},"2":{"line":16,"type":"binary-expr","locations":[{"start":{"line":0,"column":0},"end":{"line":0,"column":0},"skip":true},{"start":{"line":0,"column":0},"end":{"line":0,"column":0},"skip":true}]},"3":{"line":26,"type":"if","locations":[{"start":{"line":4,"column":4},"end":{"line":4,"column":4}},{"start":{"line":4,"column":4},"end":{"line":4,"column":4}}]},"4":{"line":27,"type":"if","locations":[{"start":{"line":5,"column":8},"end":{"line":5,"column":8}},{"start":{"line":5,"column":8},"end":{"line":5,"column":8}}]},"5":{"line":32,"type":"if","locations":[{"start":{"line":10,"column":4},"end":{"line":10,"column":4}},{"start":{"line":10,"column":4},"end":{"line":10,"column":4}}]},"6":{"line":33,"type":"if","locations":[{"start":{"line":11,"column":8},"end":{"line":11,"column":8}},{"start":{"line":11,"column":8},"end":{"line":11,"column":8}}]},"7":{"line":38,"type":"if","locations":[{"start":{"line":16,"column":4},"end":{"line":16,"column":4}},{"start":{"line":16,"column":4},"end":{"line":16,"column":4}}]},"8":{"line":39,"type":"if","locations":[{"start":{"line":17,"column":8},"end":{"line":17,"column":8}},{"start":{"line":17,"column":8},"end":{"line":17,"column":8}}]},"9":{"line":44,"type":"if","locations":[{"start":{"line":22,"column":4},"end":{"line":22,"column":4}},{"start":{"line":22,"column":4},"end":{"line":22,"column":4}}]},"10":{"line":48,"type":"if","locations":[{"start":{"line":26,"column":4},"end":{"line":26,"column":4}},{"start":{"line":26,"column":4},"end":{"line":26,"column":4}}]},"11":{"line":48,"type":"binary-expr","locations":[{"start":{"line":26,"column":8},"end":{"line":26,"column":8}},{"start":{"line":26,"column":20},"end":{"line":26,"column":4}}]},"12":{"line":49,"type":"if","locations":[{"start":{"line":27,"column":8},"end":{"line":27,"column":8}},{"start":{"line":27,"column":8},"end":{"line":27,"column":8}}]},"13":{"line":73,"type":"if","locations":[{"start":{"line":45,"column":8},"end":{"line":45,"column":8}},{"start":{"line":45,"column":8},"end":{"line":45,"column":8}}]},"14":{"line":93,"type":"if","locations":[{"start":{"line":65,"column":8},"end":{"line":65,"column":8}},{"start":{"line":65,"column":8},"end":{"line":65,"column":8}}]},"15":{"line":99,"type":"if","locations":[{"start":{"line":71,"column":16},"end":{"line":71,"column":16}},{"start":{"line":71,"column":16},"end":{"line":71,"column":16}}]},"16":{"line":109,"type":"switch","locations":[{"start":{"line":85,"column":16},"end":{"line":86,"column":64}},{"start":{"line":87,"column":16},"end":{"line":88,"column":51}},{"start":{"line":89,"column":16},"end":{"line":90,"column":55}},{"start":{"line":91,"column":16},"end":{"line":92,"column":72}}]},"17":{"line":126,"type":"if","locations":[{"start":{"line":101,"column":8},"end":{"line":101,"column":8}},{"start":{"line":101,"column":8},"end":{"line":101,"column":8}}]}}},"/Users/Ryan_Garfield/Documents/531 Web Dev/hw5/src/components/main/main.js":{"path":"/Users/Ryan_Garfield/Documents/531 Web Dev/hw5/src/components/main/main.js","s":{"1":1,"2":1,"3":1,"4":1,"5":1,"6":1,"7":1,"8":1,"9":1,"10":1,"11":4,"12":1,"13":0,"14":1},"b":{"1":[3,1],"2":[4,4]},"f":{"1":4,"2":0},"fnMap":{"1":{"name":"_interopRequireDefault","line":23,"loc":{"start":{"line":0,"column":0},"end":{"line":0,"column":0},"skip":true},"skip":true},"2":{"name":"Main","line":25,"loc":{"start":{"line":7,"column":13},"end":{"line":7,"column":13}}}},"statementMap":{"1":{"start":{"line":0,"column":0},"end":{"line":0,"column":0},"skip":true},"2":{"start":{"line":1,"column":-15},"end":{"line":1,"column":-15}},"3":{"start":{"line":0,"column":0},"end":{"line":0,"column":0},"skip":true},"4":{"start":{"line":3,"column":0},"end":{"line":3,"column":0}},"5":{"start":{"line":0,"column":0},"end":{"line":0,"column":0},"skip":true},"6":{"start":{"line":4,"column":0},"end":{"line":4,"column":0}},"7":{"start":{"line":0,"column":0},"end":{"line":0,"column":0},"skip":true},"8":{"start":{"line":5,"column":0},"end":{"line":5,"column":0}},"9":{"start":{"line":0,"column":0},"end":{"line":0,"column":0},"skip":true},"10":{"start":{"line":0,"column":0},"end":{"line":0,"column":0},"skip":true},"11":{"start":{"line":0,"column":0},"end":{"line":0,"column":0},"skip":true},"12":{"start":{"line":7,"column":0},"end":{"line":7,"column":0}},"13":{"start":{"line":7,"column":13},"end":{"line":7,"column":13}},"14":{"start":{"line":0,"column":0},"end":{"line":0,"column":0},"skip":true}},"branchMap":{"1":{"line":23,"type":"cond-expr","locations":[{"start":{"line":0,"column":0},"end":{"line":0,"column":0},"skip":true},{"start":{"line":0,"column":0},"end":{"line":0,"column":0},"skip":true}]},"2":{"line":23,"type":"binary-expr","locations":[{"start":{"line":0,"column":0},"end":{"line":0,"column":0},"skip":true},{"start":{"line":0,"column":0},"end":{"line":0,"column":0},"skip":true}]}}},"/Users/Ryan_Garfield/Documents/531 Web Dev/hw5/src/components/main/headline.js":{"path":"/Users/Ryan_Garfield/Documents/531 Web Dev/hw5/src/components/main/headline.js","s":{"1":1,"2":1,"3":1,"4":1,"5":1,"6":1,"7":1,"8":1,"9":1,"10":1,"11":1,"12":1,"13":1,"14":1,"15":0,"16":1,"17":1,"18":1,"19":1,"20":1,"21":1,"22":1,"23":1,"24":0,"25":0,"26":1,"27":0,"28":0,"29":0,"30":1,"31":1,"32":0,"33":1,"34":1,"35":1,"36":1,"37":1,"38":1,"39":0,"40":0,"41":1,"42":0,"43":0,"44":0,"45":0,"46":0,"47":0,"48":1,"49":1,"50":0},"b":{"1":[1,1],"2":[1,0],"3":[1,0],"4":[0,1],"5":[0,1],"6":[1,1],"7":[0,0],"8":[0,0],"9":[0,0],"10":[0,0,0],"11":[0,1],"12":[1,0],"13":[1,1],"14":[1,0],"15":[1,0],"16":[0,0],"17":[0,0],"18":[0,0]},"f":{"1":1,"2":1,"3":1,"4":1,"5":0,"6":0,"7":1,"8":1,"9":0,"10":0,"11":0,"12":0,"13":0,"14":0},"fnMap":{"1":{"name":"(anonymous_1)","line":7,"loc":{"start":{"line":0,"column":0},"end":{"line":0,"column":0},"skip":true},"skip":true},"2":{"name":"defineProperties","line":7,"loc":{"start":{"line":0,"column":0},"end":{"line":0,"column":0},"skip":true},"skip":true},"3":{"name":"(anonymous_3)","line":7,"loc":{"start":{"line":0,"column":0},"end":{"line":0,"column":0},"skip":true},"skip":true},"4":{"name":"_interopRequireDefault","line":17,"loc":{"start":{"line":0,"column":0},"end":{"line":0,"column":0},"skip":true},"skip":true},"5":{"name":"_classCallCheck","line":19,"loc":{"start":{"line":0,"column":0},"end":{"line":0,"column":0},"skip":true},"skip":true},"6":{"name":"_possibleConstructorReturn","line":21,"loc":{"start":{"line":0,"column":0},"end":{"line":0,"column":0},"skip":true},"skip":true},"7":{"name":"_inherits","line":23,"loc":{"start":{"line":0,"column":0},"end":{"line":0,"column":0},"skip":true},"skip":true},"8":{"name":"(anonymous_8)","line":25,"loc":{"start":{"line":0,"column":0},"end":{"line":0,"column":0},"skip":true},"skip":true},"9":{"name":"Headline","line":28,"loc":{"start":{"line":0,"column":0},"end":{"line":0,"column":0},"skip":true},"skip":true},"10":{"name":"render","line":36,"loc":{"start":{"line":0,"column":0},"end":{"line":0,"column":0},"skip":true},"skip":true},"11":{"name":"ref","line":109,"loc":{"start":{"line":37,"column":30},"end":{"line":37,"column":40}}},"12":{"name":"onChange","line":112,"loc":{"start":{"line":38,"column":34},"end":{"line":38,"column":34}}},"13":{"name":"onClick","line":121,"loc":{"start":{"line":45,"column":33},"end":{"line":45,"column":39}}},"14":{"name":"(anonymous_14)","line":134,"loc":{"start":{"line":56,"column":4},"end":{"line":56,"column":15}}}},"statementMap":{"1":{"start":{"line":0,"column":0},"end":{"line":0,"column":0},"skip":true},"2":{"start":{"line":0,"column":0},"end":{"line":0,"column":0},"skip":true},"3":{"start":{"line":0,"column":0},"end":{"line":0,"column":0},"skip":true},"4":{"start":{"line":0,"column":0},"end":{"line":0,"column":0},"skip":true},"5":{"start":{"line":0,"column":0},"end":{"line":0,"column":0},"skip":true},"6":{"start":{"line":0,"column":0},"end":{"line":0,"column":0},"skip":true},"7":{"start":{"line":0,"column":0},"end":{"line":0,"column":0},"skip":true},"8":{"start":{"line":0,"column":0},"end":{"line":0,"column":0},"skip":true},"9":{"start":{"line":0,"column":0},"end":{"line":0,"column":0},"skip":true},"10":{"start":{"line":0,"column":0},"end":{"line":0,"column":0},"skip":true},"11":{"start":{"line":0,"column":0},"end":{"line":0,"column":0},"skip":true},"12":{"start":{"line":0,"column":0},"end":{"line":0,"column":0},"skip":true},"13":{"start":{"line":0,"column":0},"end":{"line":0,"column":0},"skip":true},"14":{"start":{"line":0,"column":0},"end":{"line":0,"column":0},"skip":true},"15":{"start":{"line":0,"column":0},"end":{"line":0,"column":0},"skip":true},"16":{"start":{"line":0,"column":0},"end":{"line":0,"column":0},"skip":true},"17":{"start":{"line":1,"column":-15},"end":{"line":1,"column":-15}},"18":{"start":{"line":0,"column":0},"end":{"line":0,"column":0},"skip":true},"19":{"start":{"line":2,"column":0},"end":{"line":2,"column":0}},"20":{"start":{"line":3,"column":0},"end":{"line":3,"column":0}},"21":{"start":{"line":0,"column":0},"end":{"line":0,"column":0},"skip":true},"22":{"start":{"line":0,"column":0},"end":{"line":0,"column":0},"skip":true},"23":{"start":{"line":0,"column":0},"end":{"line":0,"column":0},"skip":true},"24":{"start":{"line":0,"column":0},"end":{"line":0,"column":0},"skip":true},"25":{"start":{"line":0,"column":0},"end":{"line":0,"column":0},"skip":true},"26":{"start":{"line":0,"column":0},"end":{"line":0,"column":0},"skip":true},"27":{"start":{"line":0,"column":0},"end":{"line":0,"column":0},"skip":true},"28":{"start":{"line":0,"column":0},"end":{"line":0,"column":0},"skip":true},"29":{"start":{"line":0,"column":0},"end":{"line":0,"column":0},"skip":true},"30":{"start":{"line":0,"column":0},"end":{"line":0,"column":0},"skip":true},"31":{"start":{"line":0,"column":0},"end":{"line":0,"column":0},"skip":true},"32":{"start":{"line":0,"column":0},"end":{"line":0,"column":0},"skip":true},"33":{"start":{"line":0,"column":0},"end":{"line":0,"column":0},"skip":true},"34":{"start":{"line":0,"column":0},"end":{"line":0,"column":0},"skip":true},"35":{"start":{"line":0,"column":0},"end":{"line":0,"column":0},"skip":true},"36":{"start":{"line":0,"column":0},"end":{"line":0,"column":0},"skip":true},"37":{"start":{"line":0,"column":0},"end":{"line":0,"column":0},"skip":true},"38":{"start":{"line":0,"column":0},"end":{"line":0,"column":0},"skip":true},"39":{"start":{"line":0,"column":0},"end":{"line":0,"column":0},"skip":true},"40":{"start":{"line":0,"column":0},"end":{"line":0,"column":0},"skip":true},"41":{"start":{"line":0,"column":0},"end":{"line":0,"column":0},"skip":true},"42":{"start":{"line":7,"column":13},"end":{"line":7,"column":13}},"43":{"start":{"line":7,"column":15},"end":{"line":7,"column":15}},"44":{"start":{"line":37,"column":42},"end":{"line":37,"column":42}},"45":{"start":{"line":38,"column":34},"end":{"line":38,"column":34}},"46":{"start":{"line":46,"column":28},"end":{"line":46,"column":28}},"47":{"start":{"line":47,"column":28},"end":{"line":47,"column":28}},"48":{"start":{"line":0,"column":0},"end":{"line":0,"column":0},"skip":true},"49":{"start":{"line":0,"column":0},"end":{"line":0,"column":0},"skip":true},"50":{"start":{"line":57,"column":8},"end":{"line":57,"column":8}}},"branchMap":{"1":{"line":7,"type":"binary-expr","locations":[{"start":{"line":0,"column":0},"end":{"line":0,"column":0},"skip":true},{"start":{"line":0,"column":0},"end":{"line":0,"column":0},"skip":true}]},"2":{"line":7,"type":"if","locations":[{"start":{"line":0,"column":0},"end":{"line":0,"column":0},"skip":true},{"start":{"line":0,"column":0},"end":{"line":0,"column":0},"skip":true}]},"3":{"line":7,"type":"if","locations":[{"start":{"line":0,"column":0},"end":{"line":0,"column":0},"skip":true},{"start":{"line":0,"column":0},"end":{"line":0,"column":0},"skip":true}]},"4":{"line":7,"type":"if","locations":[{"start":{"line":0,"column":0},"end":{"line":0,"column":0},"skip":true},{"start":{"line":0,"column":0},"end":{"line":0,"column":0},"skip":true}]},"5":{"line":17,"type":"cond-expr","locations":[{"start":{"line":0,"column":0},"end":{"line":0,"column":0},"skip":true},{"start":{"line":0,"column":0},"end":{"line":0,"column":0},"skip":true}]},"6":{"line":17,"type":"binary-expr","locations":[{"start":{"line":0,"column":0},"end":{"line":0,"column":0},"skip":true},{"start":{"line":0,"column":0},"end":{"line":0,"column":0},"skip":true}]},"7":{"line":19,"type":"if","locations":[{"start":{"line":0,"column":0},"end":{"line":0,"column":0},"skip":true},{"start":{"line":0,"column":0},"end":{"line":0,"column":0},"skip":true}]},"8":{"line":21,"type":"if","locations":[{"start":{"line":0,"column":0},"end":{"line":0,"column":0},"skip":true},{"start":{"line":0,"column":0},"end":{"line":0,"column":0},"skip":true}]},"9":{"line":21,"type":"cond-expr","locations":[{"start":{"line":0,"column":0},"end":{"line":0,"column":0},"skip":true},{"start":{"line":0,"column":0},"end":{"line":0,"column":0},"skip":true}]},"10":{"line":21,"type":"binary-expr","locations":[{"start":{"line":0,"column":0},"end":{"line":0,"column":0},"skip":true},{"start":{"line":0,"column":0},"end":{"line":0,"column":0},"skip":true},{"start":{"line":0,"column":0},"end":{"line":0,"column":0},"skip":true}]},"11":{"line":23,"type":"if","locations":[{"start":{"line":0,"column":0},"end":{"line":0,"column":0},"skip":true},{"start":{"line":0,"column":0},"end":{"line":0,"column":0},"skip":true}]},"12":{"line":23,"type":"binary-expr","locations":[{"start":{"line":0,"column":0},"end":{"line":0,"column":0},"skip":true},{"start":{"line":0,"column":0},"end":{"line":0,"column":0},"skip":true}]},"13":{"line":23,"type":"binary-expr","locations":[{"start":{"line":0,"column":0},"end":{"line":0,"column":0},"skip":true},{"start":{"line":0,"column":0},"end":{"line":0,"column":0},"skip":true}]},"14":{"line":23,"type":"if","locations":[{"start":{"line":0,"column":0},"end":{"line":0,"column":0},"skip":true},{"start":{"line":0,"column":0},"end":{"line":0,"column":0},"skip":true}]},"15":{"line":23,"type":"cond-expr","locations":[{"start":{"line":0,"column":0},"end":{"line":0,"column":0},"skip":true},{"start":{"line":0,"column":0},"end":{"line":0,"column":0},"skip":true}]},"16":{"line":31,"type":"binary-expr","locations":[{"start":{"line":0,"column":0},"end":{"line":0,"column":0},"skip":true},{"start":{"line":0,"column":0},"end":{"line":0,"column":0},"skip":true}]},"17":{"line":116,"type":"cond-expr","locations":[{"start":{"line":41,"column":73},"end":{"line":41,"column":14}},{"start":{"line":42,"column":16},"end":{"line":42,"column":16}}]},"18":{"line":116,"type":"binary-expr","locations":[{"start":{"line":41,"column":16},"end":{"line":41,"column":16}},{"start":{"line":41,"column":36},"end":{"line":41,"column":14}}]}}},"/Users/Ryan_Garfield/Documents/531 Web Dev/hw5/src/components/main/following.js":{"path":"/Users/Ryan_Garfield/Documents/531 Web Dev/hw5/src/components/main/following.js","s":{"1":1,"2":1,"3":1,"4":1,"5":1,"6":1,"7":1,"8":1,"9":1,"10":1,"11":1,"12":1,"13":1,"14":1,"15":0,"16":1,"17":1,"18":1,"19":1,"20":1,"21":1,"22":1,"23":1,"24":0,"25":0,"26":1,"27":0,"28":0,"29":0,"30":1,"31":1,"32":0,"33":1,"34":1,"35":1,"36":1,"37":0,"38":0,"39":0,"40":1,"41":1,"42":1,"43":1,"44":0,"45":0,"46":1,"47":0,"48":0,"49":0,"50":0,"51":0,"52":0,"53":0,"54":0,"55":0,"56":1,"57":1,"58":1,"59":0},"b":{"1":[1,1],"2":[1,0],"3":[1,0],"4":[0,1],"5":[0,1],"6":[1,1],"7":[0,0],"8":[0,0],"9":[0,0],"10":[0,0,0],"11":[0,1],"12":[1,0],"13":[1,1],"14":[1,0],"15":[1,0],"16":[0,0],"17":[0,0],"18":[0,0,0],"19":[0,0]},"f":{"1":1,"2":1,"3":1,"4":1,"5":0,"6":0,"7":1,"8":0,"9":0,"10":1,"11":0,"12":0,"13":0,"14":0,"15":0,"16":0,"17":0,"18":0},"fnMap":{"1":{"name":"(anonymous_1)","line":7,"loc":{"start":{"line":0,"column":0},"end":{"line":0,"column":0},"skip":true},"skip":true},"2":{"name":"defineProperties","line":7,"loc":{"start":{"line":0,"column":0},"end":{"line":0,"column":0},"skip":true},"skip":true},"3":{"name":"(anonymous_3)","line":7,"loc":{"start":{"line":0,"column":0},"end":{"line":0,"column":0},"skip":true},"skip":true},"4":{"name":"_interopRequireDefault","line":17,"loc":{"start":{"line":0,"column":0},"end":{"line":0,"column":0},"skip":true},"skip":true},"5":{"name":"_classCallCheck","line":19,"loc":{"start":{"line":0,"column":0},"end":{"line":0,"column":0},"skip":true},"skip":true},"6":{"name":"_possibleConstructorReturn","line":21,"loc":{"start":{"line":0,"column":0},"end":{"line":0,"column":0},"skip":true},"skip":true},"7":{"name":"_inherits","line":23,"loc":{"start":{"line":0,"column":0},"end":{"line":0,"column":0},"skip":true},"skip":true},"8":{"name":"Follower","line":25,"loc":{"start":{"line":6,"column":17},"end":{"line":6,"column":17}}},"9":{"name":"onClick","line":70,"loc":{"start":{"line":17,"column":56},"end":{"line":17,"column":62}}},"10":{"name":"(anonymous_10)","line":86,"loc":{"start":{"line":0,"column":0},"end":{"line":0,"column":0},"skip":true},"skip":true},"11":{"name":"Following","line":89,"loc":{"start":{"line":0,"column":0},"end":{"line":0,"column":0},"skip":true},"skip":true},"12":{"name":"render","line":97,"loc":{"start":{"line":0,"column":0},"end":{"line":0,"column":0},"skip":true},"skip":true},"13":{"name":"(anonymous_13)","line":111,"loc":{"start":{"line":34,"column":63},"end":{"line":34,"column":63}}},"14":{"name":"(anonymous_14)","line":113,"loc":{"start":{"line":34,"column":99},"end":{"line":34,"column":99}}},"15":{"name":"ref","line":128,"loc":{"start":{"line":43,"column":29},"end":{"line":43,"column":29}}},"16":{"name":"onChange","line":131,"loc":{"start":{"line":44,"column":34},"end":{"line":44,"column":41}}},"17":{"name":"onClick","line":135,"loc":{"start":{"line":49,"column":33},"end":{"line":49,"column":39}}},"18":{"name":"(anonymous_18)","line":165,"loc":{"start":{"line":74,"column":4},"end":{"line":74,"column":15}}}},"statementMap":{"1":{"start":{"line":0,"column":0},"end":{"line":0,"column":0},"skip":true},"2":{"start":{"line":0,"column":0},"end":{"line":0,"column":0},"skip":true},"3":{"start":{"line":0,"column":0},"end":{"line":0,"column":0},"skip":true},"4":{"start":{"line":0,"column":0},"end":{"line":0,"column":0},"skip":true},"5":{"start":{"line":0,"column":0},"end":{"line":0,"column":0},"skip":true},"6":{"start":{"line":0,"column":0},"end":{"line":0,"column":0},"skip":true},"7":{"start":{"line":0,"column":0},"end":{"line":0,"column":0},"skip":true},"8":{"start":{"line":0,"column":0},"end":{"line":0,"column":0},"skip":true},"9":{"start":{"line":0,"column":0},"end":{"line":0,"column":0},"skip":true},"10":{"start":{"line":0,"column":0},"end":{"line":0,"column":0},"skip":true},"11":{"start":{"line":0,"column":0},"end":{"line":0,"column":0},"skip":true},"12":{"start":{"line":0,"column":0},"end":{"line":0,"column":0},"skip":true},"13":{"start":{"line":0,"column":0},"end":{"line":0,"column":0},"skip":true},"14":{"start":{"line":0,"column":0},"end":{"line":0,"column":0},"skip":true},"15":{"start":{"line":0,"column":0},"end":{"line":0,"column":0},"skip":true},"16":{"start":{"line":0,"column":0},"end":{"line":0,"column":0},"skip":true},"17":{"start":{"line":1,"column":-15},"end":{"line":1,"column":-15}},"18":{"start":{"line":0,"column":0},"end":{"line":0,"column":0},"skip":true},"19":{"start":{"line":2,"column":0},"end":{"line":2,"column":0}},"20":{"start":{"line":4,"column":0},"end":{"line":4,"column":0}},"21":{"start":{"line":0,"column":0},"end":{"line":0,"column":0},"skip":true},"22":{"start":{"line":0,"column":0},"end":{"line":0,"column":0},"skip":true},"23":{"start":{"line":0,"column":0},"end":{"line":0,"column":0},"skip":true},"24":{"start":{"line":0,"column":0},"end":{"line":0,"column":0},"skip":true},"25":{"start":{"line":0,"column":0},"end":{"line":0,"column":0},"skip":true},"26":{"start":{"line":0,"column":0},"end":{"line":0,"column":0},"skip":true},"27":{"start":{"line":0,"column":0},"end":{"line":0,"column":0},"skip":true},"28":{"start":{"line":0,"column":0},"end":{"line":0,"column":0},"skip":true},"29":{"start":{"line":0,"column":0},"end":{"line":0,"column":0},"skip":true},"30":{"start":{"line":0,"column":0},"end":{"line":0,"column":0},"skip":true},"31":{"start":{"line":0,"column":0},"end":{"line":0,"column":0},"skip":true},"32":{"start":{"line":0,"column":0},"end":{"line":0,"column":0},"skip":true},"33":{"start":{"line":0,"column":0},"end":{"line":0,"column":0},"skip":true},"34":{"start":{"line":0,"column":0},"end":{"line":0,"column":0},"skip":true},"35":{"start":{"line":0,"column":0},"end":{"line":0,"column":0},"skip":true},"36":{"start":{"line":6,"column":0},"end":{"line":6,"column":0}},"37":{"start":{"line":6,"column":17},"end":{"line":6,"column":17}},"38":{"start":{"line":6,"column":17},"end":{"line":6,"column":17}},"39":{"start":{"line":17,"column":64},"end":{"line":17,"column":64}},"40":{"start":{"line":22,"column":0},"end":{"line":22,"column":0}},"41":{"start":{"line":0,"column":0},"end":{"line":0,"column":0},"skip":true},"42":{"start":{"line":0,"column":0},"end":{"line":0,"column":0},"skip":true},"43":{"start":{"line":0,"column":0},"end":{"line":0,"column":0},"skip":true},"44":{"start":{"line":0,"column":0},"end":{"line":0,"column":0},"skip":true},"45":{"start":{"line":0,"column":0},"end":{"line":0,"column":0},"skip":true},"46":{"start":{"line":0,"column":0},"end":{"line":0,"column":0},"skip":true},"47":{"start":{"line":30,"column":13},"end":{"line":30,"column":13}},"48":{"start":{"line":30,"column":15},"end":{"line":30,"column":15}},"49":{"start":{"line":34,"column":63},"end":{"line":34,"column":63}},"50":{"start":{"line":34,"column":99},"end":{"line":34,"column":99}},"51":{"start":{"line":43,"column":29},"end":{"line":43,"column":29}},"52":{"start":{"line":45,"column":28},"end":{"line":45,"column":28}},"53":{"start":{"line":50,"column":28},"end":{"line":50,"column":28}},"54":{"start":{"line":51,"column":28},"end":{"line":51,"column":28}},"55":{"start":{"line":52,"column":28},"end":{"line":52,"column":28}},"56":{"start":{"line":0,"column":0},"end":{"line":0,"column":0},"skip":true},"57":{"start":{"line":68,"column":0},"end":{"line":68,"column":0}},"58":{"start":{"line":0,"column":0},"end":{"line":0,"column":0},"skip":true},"59":{"start":{"line":75,"column":8},"end":{"line":75,"column":8}}},"branchMap":{"1":{"line":7,"type":"binary-expr","locations":[{"start":{"line":0,"column":0},"end":{"line":0,"column":0},"skip":true},{"start":{"line":0,"column":0},"end":{"line":0,"column":0},"skip":true}]},"2":{"line":7,"type":"if","locations":[{"start":{"line":0,"column":0},"end":{"line":0,"column":0},"skip":true},{"start":{"line":0,"column":0},"end":{"line":0,"column":0},"skip":true}]},"3":{"line":7,"type":"if","locations":[{"start":{"line":0,"column":0},"end":{"line":0,"column":0},"skip":true},{"start":{"line":0,"column":0},"end":{"line":0,"column":0},"skip":true}]},"4":{"line":7,"type":"if","locations":[{"start":{"line":0,"column":0},"end":{"line":0,"column":0},"skip":true},{"start":{"line":0,"column":0},"end":{"line":0,"column":0},"skip":true}]},"5":{"line":17,"type":"cond-expr","locations":[{"start":{"line":0,"column":0},"end":{"line":0,"column":0},"skip":true},{"start":{"line":0,"column":0},"end":{"line":0,"column":0},"skip":true}]},"6":{"line":17,"type":"binary-expr","locations":[{"start":{"line":0,"column":0},"end":{"line":0,"column":0},"skip":true},{"start":{"line":0,"column":0},"end":{"line":0,"column":0},"skip":true}]},"7":{"line":19,"type":"if","locations":[{"start":{"line":0,"column":0},"end":{"line":0,"column":0},"skip":true},{"start":{"line":0,"column":0},"end":{"line":0,"column":0},"skip":true}]},"8":{"line":21,"type":"if","locations":[{"start":{"line":0,"column":0},"end":{"line":0,"column":0},"skip":true},{"start":{"line":0,"column":0},"end":{"line":0,"column":0},"skip":true}]},"9":{"line":21,"type":"cond-expr","locations":[{"start":{"line":0,"column":0},"end":{"line":0,"column":0},"skip":true},{"start":{"line":0,"column":0},"end":{"line":0,"column":0},"skip":true}]},"10":{"line":21,"type":"binary-expr","locations":[{"start":{"line":0,"column":0},"end":{"line":0,"column":0},"skip":true},{"start":{"line":0,"column":0},"end":{"line":0,"column":0},"skip":true},{"start":{"line":0,"column":0},"end":{"line":0,"column":0},"skip":true}]},"11":{"line":23,"type":"if","locations":[{"start":{"line":0,"column":0},"end":{"line":0,"column":0},"skip":true},{"start":{"line":0,"column":0},"end":{"line":0,"column":0},"skip":true}]},"12":{"line":23,"type":"binary-expr","locations":[{"start":{"line":0,"column":0},"end":{"line":0,"column":0},"skip":true},{"start":{"line":0,"column":0},"end":{"line":0,"column":0},"skip":true}]},"13":{"line":23,"type":"binary-expr","locations":[{"start":{"line":0,"column":0},"end":{"line":0,"column":0},"skip":true},{"start":{"line":0,"column":0},"end":{"line":0,"column":0},"skip":true}]},"14":{"line":23,"type":"if","locations":[{"start":{"line":0,"column":0},"end":{"line":0,"column":0},"skip":true},{"start":{"line":0,"column":0},"end":{"line":0,"column":0},"skip":true}]},"15":{"line":23,"type":"cond-expr","locations":[{"start":{"line":0,"column":0},"end":{"line":0,"column":0},"skip":true},{"start":{"line":0,"column":0},"end":{"line":0,"column":0},"skip":true}]},"16":{"line":92,"type":"binary-expr","locations":[{"start":{"line":0,"column":0},"end":{"line":0,"column":0},"skip":true},{"start":{"line":0,"column":0},"end":{"line":0,"column":0},"skip":true}]},"17":{"line":134,"type":"cond-expr","locations":[{"start":{"line":47,"column":103},"end":{"line":47,"column":18}},{"start":{"line":48,"column":20},"end":{"line":40,"column":16}}]},"18":{"line":134,"type":"binary-expr","locations":[{"start":{"line":47,"column":20},"end":{"line":47,"column":20}},{"start":{"line":47,"column":40},"end":{"line":47,"column":20}},{"start":{"line":47,"column":66},"end":{"line":47,"column":18}}]},"19":{"line":141,"type":"cond-expr","locations":[{"start":{"line":56,"column":49},"end":{"line":56,"column":18}},{"start":{"line":57,"column":20},"end":{"line":57,"column":20}}]}}},"/Users/Ryan_Garfield/Documents/531 Web Dev/hw5/src/components/article/articlesView.js":{"path":"/Users/Ryan_Garfield/Documents/531 Web Dev/hw5/src/components/article/articlesView.js","s":{"1":1,"2":1,"3":1,"4":0,"5":0,"6":0,"7":0,"8":0,"9":0,"10":1,"11":1,"12":1,"13":1,"14":1,"15":1,"16":1,"17":1,"18":1,"19":1,"20":3,"21":1,"22":0,"23":0,"24":0,"25":0,"26":0,"27":0,"28":0,"29":0,"30":0,"31":0,"32":0,"33":1,"34":1,"35":1,"36":2,"37":1,"38":1,"39":1,"40":2,"41":1,"42":1,"43":0,"44":0,"45":0,"46":0,"47":0,"48":0,"49":0,"50":0,"51":0,"52":0,"53":0,"54":1},"b":{"1":[1,0],"2":[0,0],"3":[2,1],"4":[3,3],"5":[0,0],"6":[0,0],"7":[1,0],"8":[0,0],"9":[1,0],"10":[1,1],"11":[2,1],"12":[0,0],"13":[0,0],"14":[0,0]},"f":{"1":0,"2":3,"3":0,"4":0,"5":0,"6":0,"7":0,"8":1,"9":2,"10":1,"11":2,"12":0,"13":0,"14":0,"15":0,"16":0},"fnMap":{"1":{"name":"(anonymous_1)","line":8,"loc":{"start":{"line":0,"column":0},"end":{"line":0,"column":0},"skip":true},"skip":true},"2":{"name":"_interopRequireDefault","line":28,"loc":{"start":{"line":0,"column":0},"end":{"line":0,"column":0},"skip":true},"skip":true},"3":{"name":"ArticlesView","line":30,"loc":{"start":{"line":9,"column":21},"end":{"line":9,"column":57}}},"4":{"name":"ref","line":52,"loc":{"start":{"line":21,"column":17},"end":{"line":21,"column":17}}},"5":{"name":"onChange","line":55,"loc":{"start":{"line":22,"column":22},"end":{"line":22,"column":28}}},"6":{"name":"(anonymous_6)","line":65,"loc":{"start":{"line":28,"column":22},"end":{"line":28,"column":31}}},"7":{"name":"(anonymous_7)","line":69,"loc":{"start":{"line":34,"column":13},"end":{"line":34,"column":13}}},"8":{"name":"filterFunction","line":82,"loc":{"start":{"line":51,"column":7},"end":{"line":51,"column":49}}},"9":{"name":"(anonymous_9)","line":83,"loc":{"start":{"line":52,"column":46},"end":{"line":52,"column":46}}},"10":{"name":"(anonymous_10)","line":85,"loc":{"start":{"line":52,"column":74},"end":{"line":52,"column":74}}},"11":{"name":"(anonymous_11)","line":89,"loc":{"start":{"line":54,"column":37},"end":{"line":54,"column":45}}},"12":{"name":"(anonymous_12)","line":95,"loc":{"start":{"line":62,"column":2},"end":{"line":62,"column":13}}},"13":{"name":"(anonymous_13)","line":98,"loc":{"start":{"line":65,"column":60},"end":{"line":65,"column":60}}},"14":{"name":"(anonymous_14)","line":102,"loc":{"start":{"line":67,"column":33},"end":{"line":67,"column":40}}},"15":{"name":"(anonymous_15)","line":106,"loc":{"start":{"line":72,"column":28},"end":{"line":72,"column":35}}},"16":{"name":"(anonymous_16)","line":107,"loc":{"start":{"line":73,"column":72},"end":{"line":73,"column":79}}}},"statementMap":{"1":{"start":{"line":0,"column":0},"end":{"line":0,"column":0},"skip":true},"2":{"start":{"line":0,"column":0},"end":{"line":0,"column":0},"skip":true},"3":{"start":{"line":0,"column":0},"end":{"line":0,"column":0},"skip":true},"4":{"start":{"line":0,"column":0},"end":{"line":0,"column":0},"skip":true},"5":{"start":{"line":0,"column":0},"end":{"line":0,"column":0},"skip":true},"6":{"start":{"line":0,"column":0},"end":{"line":0,"column":0},"skip":true},"7":{"start":{"line":0,"column":0},"end":{"line":0,"column":0},"skip":true},"8":{"start":{"line":0,"column":0},"end":{"line":0,"column":0},"skip":true},"9":{"start":{"line":0,"column":0},"end":{"line":0,"column":0},"skip":true},"10":{"start":{"line":0,"column":0},"end":{"line":0,"column":0},"skip":true},"11":{"start":{"line":2,"column":0},"end":{"line":2,"column":0}},"12":{"start":{"line":0,"column":0},"end":{"line":0,"column":0},"skip":true},"13":{"start":{"line":3,"column":0},"end":{"line":3,"column":0}},"14":{"start":{"line":5,"column":0},"end":{"line":5,"column":0}},"15":{"start":{"line":0,"column":0},"end":{"line":0,"column":0},"skip":true},"16":{"start":{"line":6,"column":0},"end":{"line":6,"column":0}},"17":{"start":{"line":0,"column":0},"end":{"line":0,"column":0},"skip":true},"18":{"start":{"line":7,"column":0},"end":{"line":7,"column":0}},"19":{"start":{"line":0,"column":0},"end":{"line":0,"column":0},"skip":true},"20":{"start":{"line":0,"column":0},"end":{"line":0,"column":0},"skip":true},"21":{"start":{"line":9,"column":0},"end":{"line":9,"column":0}},"22":{"start":{"line":9,"column":57},"end":{"line":9,"column":57}},"23":{"start":{"line":10,"column":2},"end":{"line":10,"column":2}},"24":{"start":{"line":11,"column":2},"end":{"line":11,"column":2}},"25":{"start":{"line":21,"column":17},"end":{"line":21,"column":17}},"26":{"start":{"line":22,"column":30},"end":{"line":22,"column":30}},"27":{"start":{"line":29,"column":8},"end":{"line":30,"column":10}},"28":{"start":{"line":30,"column":10},"end":{"line":30,"column":10}},"29":{"start":{"line":31,"column":8},"end":{"line":32,"column":10}},"30":{"start":{"line":32,"column":10},"end":{"line":32,"column":10}},"31":{"start":{"line":33,"column":8},"end":{"line":33,"column":8}},"32":{"start":{"line":34,"column":13},"end":{"line":34,"column":13}},"33":{"start":{"line":44,"column":0},"end":{"line":44,"column":0}},"34":{"start":{"line":51,"column":7},"end":{"line":60,"column":1}},"35":{"start":{"line":52,"column":2},"end":{"line":52,"column":2}},"36":{"start":{"line":52,"column":46},"end":{"line":52,"column":46}},"37":{"start":{"line":52,"column":74},"end":{"line":52,"column":74}},"38":{"start":{"line":53,"column":2},"end":{"line":58,"column":3}},"39":{"start":{"line":54,"column":4},"end":{"line":54,"column":4}},"40":{"start":{"line":55,"column":6},"end":{"line":55,"column":6}},"41":{"start":{"line":59,"column":2},"end":{"line":59,"column":2}},"42":{"start":{"line":0,"column":0},"end":{"line":0,"column":0},"skip":true},"43":{"start":{"line":63,"column":4},"end":{"line":63,"column":4}},"44":{"start":{"line":64,"column":4},"end":{"line":64,"column":4}},"45":{"start":{"line":65,"column":4},"end":{"line":65,"column":4}},"46":{"start":{"line":65,"column":60},"end":{"line":65,"column":60}},"47":{"start":{"line":66,"column":4},"end":{"line":71,"column":5}}
[...]
ations":[{"start":{"line":16,"column":8},"end":{"line":16,"column":8}},{"start":{"line":17,"column":8},"end":{"line":20,"column":12}},{"start":{"line":22,"column":8},"end":{"line":23,"column":12}},{"start":{"line":25,"column":8},"end":{"line":26,"column":12}},{"start":{"line":28,"column":8},"end":{"line":29,"column":12}},{"start":{"line":31,"column":8},"end":{"line":32,"column":12}}]},"11":{"line":61,"type":"cond-expr","locations":[{"start":{"line":36,"column":115},"end":{"line":36,"column":115}},{"start":{"line":36,"column":32},"end":{"line":36,"column":115}}]},"12":{"line":61,"type":"binary-expr","locations":[{"start":{"line":36,"column":115},"end":{"line":36,"column":115}},{"start":{"line":36,"column":115},"end":{"line":36,"column":115}}]},"13":{"line":64,"type":"switch","locations":[{"start":{"line":39,"column":8},"end":{"line":39,"column":8}},{"start":{"line":40,"column":8},"end":{"line":41,"column":12}},{"start":{"line":43,"column":8},"end":{"line":48,"column":28}},{"start":{"line":49,"column":8},"end":{"line":50,"column":12}}]},"14":{"line":71,"type":"if","locations":[{"start":{"line":44,"column":12},"end":{"line":44,"column":12}},{"start":{"line":44,"column":12},"end":{"line":44,"column":12}}]},"15":{"line":72,"type":"if","locations":[{"start":{"line":45,"column":12},"end":{"line":45,"column":12}},{"start":{"line":45,"column":12},"end":{"line":45,"column":12}}]},"16":{"line":73,"type":"if","locations":[{"start":{"line":46,"column":12},"end":{"line":46,"column":12}},{"start":{"line":46,"column":12},"end":{"line":46,"column":12}}]},"17":{"line":74,"type":"if","locations":[{"start":{"line":47,"column":12},"end":{"line":47,"column":12}},{"start":{"line":47,"column":12},"end":{"line":47,"column":12}}]},"18":{"line":75,"type":"if","locations":[{"start":{"line":48,"column":12},"end":{"line":48,"column":12}},{"start":{"line":48,"column":12},"end":{"line":48,"column":12}}]},"19":{"line":82,"type":"cond-expr","locations":[{"start":{"line":54,"column":78},"end":{"line":54,"column":78}},{"start":{"line":54,"column":31},"end":{"line":54,"column":78}}]},"20":{"line":82,"type":"binary-expr","locations":[{"start":{"line":54,"column":78},"end":{"line":54,"column":78}},{"start":{"line":54,"column":78},"end":{"line":54,"column":78}}]},"21":{"line":86,"type":"switch","locations":[{"start":{"line":57,"column":8},"end":{"line":58,"column":12}},{"start":{"line":59,"column":8},"end":{"line":60,"column":12}},{"start":{"line":62,"column":8},"end":{"line":63,"column":12}},{"start":{"line":64,"column":8},"end":{"line":65,"column":12}},{"start":{"line":66,"column":8},"end":{"line":67,"column":12}},{"start":{"line":69,"column":8},"end":{"line":70,"column":12}}]}}},"/Users/Ryan_Garfield/Documents/531 Web Dev/hw5/src/components/auth/authActions.spec.js":{"path":"/Users/Ryan_Garfield/Documents/531 Web Dev/hw5/src/components/auth/authActions.spec.js","s":{"1":1,"2":1,"3":1,"4":1,"5":1,"6":1,"7":1,"8":1,"9":1,"10":3,"11":1,"12":0,"13":0,"14":0,"15":0,"16":0,"17":0,"18":0,"19":0,"20":0,"21":0,"22":0,"23":0,"24":0,"25":0,"26":0,"27":0,"28":0,"29":0,"30":0,"31":0,"32":0,"33":0,"34":0,"35":0,"36":0,"37":0,"38":0,"39":0},"b":{"1":[1,2],"2":[3,3],"3":[0,0],"4":[0,0]},"f":{"1":3,"2":0,"3":0,"4":0,"5":0,"6":0,"7":0,"8":0,"9":0,"10":0},"fnMap":{"1":{"name":"_interopRequireDefault","line":19,"loc":{"start":{"line":0,"column":0},"end":{"line":0,"column":0},"skip":true},"skip":true},"2":{"name":"(anonymous_2)","line":21,"loc":{"start":{"line":7,"column":63},"end":{"line":7,"column":69}}},"3":{"name":"(anonymous_3)","line":23,"loc":{"start":{"line":9,"column":12},"end":{"line":9,"column":18}}},"4":{"name":"(anonymous_4)","line":31,"loc":{"start":{"line":17,"column":11},"end":{"line":17,"column":17}}},"5":{"name":"(anonymous_5)","line":38,"loc":{"start":{"line":25,"column":30},"end":{"line":25,"column":38}}},"6":{"name":"(anonymous_6)","line":49,"loc":{"start":{"line":39,"column":12},"end":{"line":39,"column":22}}},"7":{"name":"(anonymous_7)","line":60,"loc":{"start":{"line":52,"column":45},"end":{"line":52,"column":53}}},"8":{"name":"(anonymous_8)","line":72,"loc":{"start":{"line":68,"column":12},"end":{"line":68,"column":22}}},"9":{"name":"(anonymous_9)","line":82,"loc":{"start":{"line":80,"column":58},"end":{"line":80,"column":66}}},"10":{"name":"(anonymous_10)","line":88,"loc":{"start":{"line":88,"column":12},"end":{"line":88,"column":22}}}},"statementMap":{"1":{"start":{"line":1,"column":-15},"end":{"line":1,"column":-15}},"2":{"start":{"line":2,"column":0},"end":{"line":2,"column":0}},"3":{"start":{"line":0,"column":0},"end":{"line":0,"column":0},"skip":true},"4":{"start":{"line":3,"column":0},"end":{"line":3,"column":0}},"5":{"start":{"line":0,"column":0},"end":{"line":0,"column":0},"skip":true},"6":{"start":{"line":4,"column":0},"end":{"line":4,"column":0}},"7":{"start":{"line":0,"column":0},"end":{"line":0,"column":0},"skip":true},"8":{"start":{"line":5,"column":0},"end":{"line":5,"column":0}},"9":{"start":{"line":0,"column":0},"end":{"line":0,"column":0},"skip":true},"10":{"start":{"line":0,"column":0},"end":{"line":0,"column":0},"skip":true},"11":{"start":{"line":7,"column":0},"end":{"line":7,"column":0}},"12":{"start":{"line":9,"column":1},"end":{"line":9,"column":1}},"13":{"start":{"line":10,"column":2},"end":{"line":14,"column":5}},"14":{"start":{"line":11,"column":3},"end":{"line":11,"column":3}},"15":{"start":{"line":12,"column":3},"end":{"line":12,"column":3}},"16":{"start":{"line":13,"column":3},"end":{"line":13,"column":3}},"17":{"start":{"line":17,"column":1},"end":{"line":17,"column":1}},"18":{"start":{"line":18,"column":4},"end":{"line":21,"column":5}},"19":{"start":{"line":19,"column":3},"end":{"line":19,"column":3}},"20":{"start":{"line":20,"column":3},"end":{"line":20,"column":3}},"21":{"start":{"line":25,"column":1},"end":{"line":25,"column":1}},"22":{"start":{"line":27,"column":8},"end":{"line":27,"column":8}},"23":{"start":{"line":28,"column":8},"end":{"line":28,"column":8}},"24":{"start":{"line":31,"column":8},"end":{"line":31,"column":8}},"25":{"start":{"line":38,"column":8},"end":{"line":38,"column":8}},"26":{"start":{"line":41,"column":20},"end":{"line":41,"column":20}},"27":{"start":{"line":46,"column":20},"end":{"line":46,"column":20}},"28":{"start":{"line":52,"column":5},"end":{"line":52,"column":5}},"29":{"start":{"line":54,"column":8},"end":{"line":54,"column":8}},"30":{"start":{"line":55,"column":8},"end":{"line":55,"column":8}},"31":{"start":{"line":58,"column":8},"end":{"line":58,"column":8}},"32":{"start":{"line":67,"column":8},"end":{"line":67,"column":8}},"33":{"start":{"line":69,"column":20},"end":{"line":69,"column":20}},"34":{"start":{"line":74,"column":20},"end":{"line":74,"column":20}},"35":{"start":{"line":80,"column":4},"end":{"line":80,"column":4}},"36":{"start":{"line":81,"column":8},"end":{"line":81,"column":8}},"37":{"start":{"line":87,"column":8},"end":{"line":87,"column":8}},"38":{"start":{"line":89,"column":16},"end":{"line":89,"column":16}},"39":{"start":{"line":92,"column":16},"end":{"line":92,"column":16}}},"branchMap":{"1":{"line":19,"type":"cond-expr","locations":[{"start":{"line":0,"column":0},"end":{"line":0,"column":0},"skip":true},{"start":{"line":0,"column":0},"end":{"line":0,"column":0},"skip":true}]},"2":{"line":19,"type":"binary-expr","locations":[{"start":{"line":0,"column":0},"end":{"line":0,"column":0},"skip":true},{"start":{"line":0,"column":0},"end":{"line":0,"column":0},"skip":true}]},"3":{"line":24,"type":"if","locations":[{"start":{"line":10,"column":2},"end":{"line":10,"column":2}},{"start":{"line":10,"column":2},"end":{"line":10,"column":2}}]},"4":{"line":32,"type":"if","locations":[{"start":{"line":18,"column":4},"end":{"line":18,"column":4}},{"start":{"line":18,"column":4},"end":{"line":18,"column":4}}]}}},"/Users/Ryan_Garfield/Documents/531 Web Dev/hw5/src/components/profile/profileActions.spec.js":{"path":"/Users/Ryan_Garfield/Documents/531 Web Dev/hw5/src/components/profile/profileActions.spec.js","s":{"1":1,"2":1,"3":1,"4":1,"5":1,"6":1,"7":1,"8":1,"9":3,"10":1,"11":1,"12":0,"13":0,"14":0,"15":0,"16":0,"17":0,"18":0,"19":0,"20":0,"21":0,"22":0,"23":0,"24":0,"25":0,"26":0,"27":0,"28":0,"29":0,"30":0,"31":0,"32":0,"33":0,"34":0,"35":0,"36":0,"37":0,"38":0,"39":0,"40":0,"41":0,"42":0,"43":0,"44":0,"45":0,"46":0,"47":0,"48":0,"49":0},"b":{"1":[1,2],"2":[3,3],"3":[0,0],"4":[0,0],"5":[0,0],"6":[0,0],"7":[0,0]},"f":{"1":3,"2":0,"3":0,"4":0,"5":0,"6":0,"7":0,"8":0,"9":0,"10":0},"fnMap":{"1":{"name":"_interopRequireDefault","line":17,"loc":{"start":{"line":0,"column":0},"end":{"line":0,"column":0},"skip":true},"skip":true},"2":{"name":"(anonymous_2)","line":21,"loc":{"start":{"line":8,"column":55},"end":{"line":8,"column":61}}},"3":{"name":"(anonymous_3)","line":23,"loc":{"start":{"line":11,"column":13},"end":{"line":11,"column":19}}},"4":{"name":"(anonymous_4)","line":32,"loc":{"start":{"line":20,"column":12},"end":{"line":20,"column":18}}},"5":{"name":"(anonymous_5)","line":39,"loc":{"start":{"line":27,"column":41},"end":{"line":27,"column":51}}},"6":{"name":"(anonymous_6)","line":50,"loc":{"start":{"line":39,"column":8},"end":{"line":39,"column":8}}},"7":{"name":"(anonymous_7)","line":51,"loc":{"start":{"line":39,"column":17},"end":{"line":39,"column":27}}},"8":{"name":"(anonymous_8)","line":60,"loc":{"start":{"line":48,"column":50},"end":{"line":48,"column":60}}},"9":{"name":"(anonymous_9)","line":85,"loc":{"start":{"line":76,"column":8},"end":{"line":76,"column":8}}},"10":{"name":"(anonymous_10)","line":86,"loc":{"start":{"line":76,"column":17},"end":{"line":76,"column":27}}}},"statementMap":{"1":{"start":{"line":1,"column":-15},"end":{"line":1,"column":-15}},"2":{"start":{"line":2,"column":0},"end":{"line":2,"column":0}},"3":{"start":{"line":0,"column":0},"end":{"line":0,"column":0},"skip":true},"4":{"start":{"line":3,"column":0},"end":{"line":3,"column":0}},"5":{"start":{"line":0,"column":0},"end":{"line":0,"column":0},"skip":true},"6":{"start":{"line":4,"column":0},"end":{"line":4,"column":0}},"7":{"start":{"line":0,"column":0},"end":{"line":0,"column":0},"skip":true},"8":{"start":{"line":0,"column":0},"end":{"line":0,"column":0},"skip":true},"9":{"start":{"line":0,"column":0},"end":{"line":0,"column":0},"skip":true},"10":{"start":{"line":6,"column":0},"end":{"line":6,"column":0}},"11":{"start":{"line":8,"column":0},"end":{"line":8,"column":0}},"12":{"start":{"line":11,"column":2},"end":{"line":11,"column":2}},"13":{"start":{"line":12,"column":6},"end":{"line":16,"column":7}},"14":{"start":{"line":13,"column":6},"end":{"line":13,"column":6}},"15":{"start":{"line":14,"column":6},"end":{"line":14,"column":6}},"16":{"start":{"line":15,"column":6},"end":{"line":15,"column":6}},"17":{"start":{"line":17,"column":6},"end":{"line":17,"column":6}},"18":{"start":{"line":20,"column":2},"end":{"line":20,"column":2}},"19":{"start":{"line":21,"column":6},"end":{"line":24,"column":7}},"20":{"start":{"line":22,"column":6},"end":{"line":22,"column":6}},"21":{"start":{"line":23,"column":6},"end":{"line":23,"column":6}},"22":{"start":{"line":27,"column":2},"end":{"line":27,"column":2}},"23":{"start":{"line":29,"column":6},"end":{"line":29,"column":6}},"24":{"start":{"line":30,"column":6},"end":{"line":30,"column":6}},"25":{"start":{"line":32,"column":6},"end":{"line":32,"column":6}},"26":{"start":{"line":38,"column":6},"end":{"line":38,"column":6}},"27":{"start":{"line":39,"column":8},"end":{"line":39,"column":8}},"28":{"start":{"line":40,"column":8},"end":{"line":40,"column":8}},"29":{"start":{"line":43,"column":8},"end":{"line":43,"column":8}},"30":{"start":{"line":48,"column":2},"end":{"line":48,"column":2}},"31":{"start":{"line":50,"column":6},"end":{"line":50,"column":6}},"32":{"start":{"line":51,"column":6},"end":{"line":51,"column":6}},"33":{"start":{"line":52,"column":6},"end":{"line":52,"column":6}},"34":{"start":{"line":55,"column":6},"end":{"line":55,"column":6}},"35":{"start":{"line":61,"column":6},"end":{"line":61,"column":6}},"36":{"start":{"line":67,"column":6},"end":{"line":67,"column":6}},"37":{"start":{"line":74,"column":6},"end":{"line":74,"column":6}},"38":{"start":{"line":75,"column":6},"end":{"line":75,"column":6}},"39":{"start":{"line":76,"column":8},"end":{"line":76,"column":8}},"40":{"start":{"line":79,"column":16},"end":{"line":99,"column":17}},"41":{"start":{"line":80,"column":20},"end":{"line":80,"column":20}},"42":{"start":{"line":83,"column":20},"end":{"line":83,"column":20}},"43":{"start":{"line":85,"column":21},"end":{"line":99,"column":17}},"44":{"start":{"line":87,"column":20},"end":{"line":87,"column":20}},"45":{"start":{"line":90,"column":20},"end":{"line":90,"column":20}},"46":{"start":{"line":92,"column":21},"end":{"line":99,"column":17}},"47":{"start":{"line":94,"column":20},"end":{"line":94,"column":20}},"48":{"start":{"line":97,"column":20},"end":{"line":97,"column":20}},"49":{"start":{"line":98,"column":20},"end":{"line":98,"column":20}}},"branchMap":{"1":{"line":17,"type":"cond-expr","locations":[{"start":{"line":0,"column":0},"end":{"line":0,"column":0},"skip":true},{"start":{"line":0,"column":0},"end":{"line":0,"column":0},"skip":true}]},"2":{"line":17,"type":"binary-expr","locations":[{"start":{"line":0,"column":0},"end":{"line":0,"column":0},"skip":true},{"start":{"line":0,"column":0},"end":{"line":0,"column":0},"skip":true}]},"3":{"line":24,"type":"if","locations":[{"start":{"line":12,"column":6},"end":{"line":12,"column":6}},{"start":{"line":12,"column":6},"end":{"line":12,"column":6}}]},"4":{"line":33,"type":"if","locations":[{"start":{"line":21,"column":6},"end":{"line":21,"column":6}},{"start":{"line":21,"column":6},"end":{"line":21,"column":6}}]},"5":{"line":88,"type":"if","locations":[{"start":{"line":79,"column":16},"end":{"line":79,"column":16}},{"start":{"line":79,"column":16},"end":{"line":79,"column":16}}]},"6":{"line":93,"type":"if","locations":[{"start":{"line":85,"column":21},"end":{"line":85,"column":21}},{"start":{"line":85,"column":21},"end":{"line":85,"column":21}}]},"7":{"line":99,"type":"if","locations":[{"start":{"line":92,"column":21},"end":{"line":92,"column":21}},{"start":{"line":92,"column":21},"end":{"line":92,"column":21}}]}}},"/Users/Ryan_Garfield/Documents/531 Web Dev/hw5/src/components/profile/profileForm.spec.js":{"path":"/Users/Ryan_Garfield/Documents/531 Web Dev/hw5/src/components/profile/profileForm.spec.js","s":{},"b":{},"f":{},"fnMap":{},"statementMap":{},"branchMap":{}},"/Users/Ryan_Garfield/Documents/531 Web Dev/hw5/src/index.js":{"path":"/Users/Ryan_Garfield/Documents/531 Web Dev/hw5/src/index.js","s":{"1":1,"2":1,"3":1,"4":1,"5":1,"6":1,"7":1,"8":1,"9":1,"10":1,"11":1,"12":1,"13":1,"14":1,"15":1,"16":5,"17":1,"18":1,"19":1,"20":1},"b":{"1":[3,2],"2":[5,5]},"f":{"1":5},"fnMap":{"1":{"name":"_interopRequireDefault","line":31,"loc":{"start":{"line":0,"column":0},"end":{"line":0,"column":0},"skip":true},"skip":true}},"statementMap":{"1":{"start":{"line":1,"column":-15},"end":{"line":1,"column":-15}},"2":{"start":{"line":0,"column":0},"end":{"line":0,"column":0},"skip":true},"3":{"start":{"line":2,"column":0},"end":{"line":2,"column":0}},"4":{"start":{"line":3,"column":0},"end":{"line":3,"column":0}},"5":{"start":{"line":5,"column":0},"end":{"line":5,"column":0}},"6":{"start":{"line":0,"column":0},"end":{"line":0,"column":0},"skip":true},"7":{"start":{"line":6,"column":0},"end":{"line":6,"column":0}},"8":{"start":{"line":0,"column":0},"end":{"line":0,"column":0},"skip":true},"9":{"start":{"line":7,"column":0},"end":{"line":7,"column":0}},"10":{"start":{"line":9,"column":0},"end":{"line":9,"column":0}},"11":{"start":{"line":0,"column":0},"end":{"line":0,"column":0},"skip":true},"12":{"start":{"line":10,"column":0},"end":{"line":10,"column":0}},"13":{"start":{"line":0,"column":0},"end":{"line":0,"column":0},"skip":true},"14":{"start":{"line":12,"column":0},"end":{"line":12,"column":0}},"15":{"start":{"line":0,"column":0},"end":{"line":0,"column":0},"skip":true},"16":{"start":{"line":0,"column":0},"end":{"line":0,"column":0},"skip":true},"17":{"start":{"line":14,"column":0},"end":{"line":14,"column":0}},"18":{"start":{"line":16,"column":0},"end":{"line":16,"column":0}},"19":{"start":{"line":18,"column":0},"end":{"line":18,"column":0}},"20":{"start":{"line":20,"column":0},"end":{"line":20,"column":0}}},"branchMap":{"1":{"line":31,"type":"cond-expr","locations":[{"start":{"line":0,"column":0},"end":{"line":0,"column":0},"skip":true},{"start":{"line":0,"column":0},"end":{"line":0,"column":0},"skip":true}]},"2":{"line":31,"type":"binary-expr","locations":[{"start":{"line":0,"column":0},"end":{"line":0,"column":0},"skip":true},{"start":{"line":0,"column":0},"end":{"line":0,"column":0},"skip":true}]}}},"/Users/Ryan_Garfield/Documents/531 Web Dev/hw5/src/reducers.spec.js":{"path":"/Users/Ryan_Garfield/Documents/531 Web Dev/hw5/src/reducers.spec.js","s":{"1":1,"2":1,"3":1,"4":1,"5":1,"6":1,"7":1,"8":2,"9":1,"10":0,"11":0,"12":0,"13":0,"14":0,"15":0,"16":0,"17":0,"18":0,"19":0,"20":0,"21":0,"22":0,"23":0},"b":{"1":[2,0],"2":[2,2]},"f":{"1":2,"2":0,"3":0,"4":0,"5":0,"6":0,"7":0,"8":0},"fnMap":{"1":{"name":"_interopRequireDefault","line":15,"loc":{"start":{"line":0,"column":0},"end":{"line":0,"column":0},"skip":true},"skip":true},"2":{"name":"(anonymous_2)","line":17,"loc":{"start":{"line":8,"column":54},"end":{"line":8,"column":59}}},"3":{"name":"(anonymous_3)","line":18,"loc":{"start":{"line":9,"column":31},"end":{"line":9,"column":35}}},"4":{"name":"(anonymous_4)","line":27,"loc":{"start":{"line":18,"column":68},"end":{"line":18,"column":73}}},"5":{"name":"(anonymous_5)","line":31,"loc":{"start":{"line":23,"column":64},"end":{"line":23,"column":69}}},"6":{"name":"(anonymous_6)","line":35,"loc":{"start":{"line":28,"column":30},"end":{"line":28,"column":35}}},"7":{"name":"(anonymous_7)","line":41,"loc":{"start":{"line":35,"column":36},"end":{"line":35,"column":41}}},"8":{"name":"(anonymous_8)","line":45,"loc":{"start":{"line":40,"column":61},"end":{"line":40,"column":66}}}},"statementMap":{"1":{"start":{"line":1,"column":-15},"end":{"line":1,"column":-15}},"2":{"start":{"line":3,"column":0},"end":{"line":3,"column":0}},"3":{"start":{"line":0,"column":0},"end":{"line":0,"column":0},"skip":true},"4":{"start":{"line":4,"column":0},"end":{"line":4,"column":0}},"5":{"start":{"line":0,"column":0},"end":{"line":0,"column":0},"skip":true},"6":{"start":{"line":5,"column":0},"end":{"line":5,"column":0}},"7":{"start":{"line":0,"column":0},"end":{"line":0,"column":0},"skip":true},"8":{"start":{"line":0,"column":0},"end":{"line":0,"column":0},"skip":true},"9":{"start":{"line":8,"column":0},"end":{"line":8,"column":0}},"10":{"start":{"line":9,"column":1},"end":{"line":9,"column":1}},"11":{"start":{"line":10,"column":2},"end":{"line":10,"column":2}},"12":{"start":{"line":18,"column":1},"end":{"line":18,"column":1}},"13":{"start":{"line":19,"column":2},"end":{"line":19,"column":2}},"14":{"start":{"line":23,"column":1},"end":{"line":23,"column":1}},"15":{"start":{"line":24,"column":2},"end":{"line":24,"column":2}},"16":{"start":{"line":28,"column":1},"end":{"line":28,"column":1}},"17":{"start":{"line":29,"column":2},"end":{"line":29,"column":2}},"18":{"start":{"line":35,"column":1},"end":{"line":35,"column":1}},"19":{"start":{"line":36,"column":2},"end":{"line":36,"column":2}},"20":{"start":{"line":40,"column":1},"end":{"line":40,"column":1}},"21":{"start":{"line":41,"column":2},"end":{"line":41,"column":2}},"22":{"start":{"line":43,"column":2},"end":{"line":43,"column":2}},"23":{"start":{"line":44,"column":2},"end":{"line":44,"column":2}}},"branchMap":{"1":{"line":15,"type":"cond-expr","locations":[{"start":{"line":0,"column":0},"end":{"line":0,"column":0},"skip":true},{"start":{"line":0,"column":0},"end":{"line":0,"column":0},"skip":true}]},"2":{"line":15,"type":"binary-expr","locations":[{"start":{"line":0,"column":0},"end":{"line":0,"column":0},"skip":true},{"start":{"line":0,"column":0},"end":{"line":0,"column":0},"skip":true}]}}}}